2020-04-14 17:58:29,491 0      [           main] DEBUG ache.ibatis.logging.LogFactory  - Logging initialized using 'class org.apache.ibatis.logging.log4j.Log4jImpl' adapter.
2020-04-14 17:58:29,613 122    [           main] DEBUG source.pooled.PooledDataSource  - PooledDataSource forcefully closed/removed all connections.
2020-04-14 17:58:29,613 122    [           main] DEBUG source.pooled.PooledDataSource  - PooledDataSource forcefully closed/removed all connections.
2020-04-14 17:58:29,613 122    [           main] DEBUG source.pooled.PooledDataSource  - PooledDataSource forcefully closed/removed all connections.
2020-04-14 17:58:29,613 122    [           main] DEBUG source.pooled.PooledDataSource  - PooledDataSource forcefully closed/removed all connections.
2020-04-14 18:02:15,786 0      [           main] DEBUG ache.ibatis.logging.LogFactory  - Logging initialized using 'class org.apache.ibatis.logging.log4j.Log4jImpl' adapter.
2020-04-14 18:02:15,899 113    [           main] DEBUG source.pooled.PooledDataSource  - PooledDataSource forcefully closed/removed all connections.
2020-04-14 18:02:15,899 113    [           main] DEBUG source.pooled.PooledDataSource  - PooledDataSource forcefully closed/removed all connections.
2020-04-14 18:02:15,899 113    [           main] DEBUG source.pooled.PooledDataSource  - PooledDataSource forcefully closed/removed all connections.
2020-04-14 18:02:15,899 113    [           main] DEBUG source.pooled.PooledDataSource  - PooledDataSource forcefully closed/removed all connections.
2020-04-14 18:02:41,388 0      [           main] DEBUG ache.ibatis.logging.LogFactory  - Logging initialized using 'class org.apache.ibatis.logging.log4j.Log4jImpl' adapter.
2020-04-14 18:02:41,498 110    [           main] DEBUG source.pooled.PooledDataSource  - PooledDataSource forcefully closed/removed all connections.
2020-04-14 18:02:41,499 111    [           main] DEBUG source.pooled.PooledDataSource  - PooledDataSource forcefully closed/removed all connections.
2020-04-14 18:02:41,499 111    [           main] DEBUG source.pooled.PooledDataSource  - PooledDataSource forcefully closed/removed all connections.
2020-04-14 18:02:41,499 111    [           main] DEBUG source.pooled.PooledDataSource  - PooledDataSource forcefully closed/removed all connections.
2020-04-14 18:02:51,594 0      [           main] DEBUG ache.ibatis.logging.LogFactory  - Logging initialized using 'class org.apache.ibatis.logging.log4j.Log4jImpl' adapter.
2020-04-14 18:02:51,695 101    [           main] DEBUG source.pooled.PooledDataSource  - PooledDataSource forcefully closed/removed all connections.
2020-04-14 18:02:51,696 102    [           main] DEBUG source.pooled.PooledDataSource  - PooledDataSource forcefully closed/removed all connections.
2020-04-14 18:02:51,696 102    [           main] DEBUG source.pooled.PooledDataSource  - PooledDataSource forcefully closed/removed all connections.
2020-04-14 18:02:51,696 102    [           main] DEBUG source.pooled.PooledDataSource  - PooledDataSource forcefully closed/removed all connections.
2020-04-14 18:03:19,161 0      [           main] DEBUG ache.ibatis.logging.LogFactory  - Logging initialized using 'class org.apache.ibatis.logging.log4j.Log4jImpl' adapter.
2020-04-14 18:03:19,264 103    [           main] DEBUG source.pooled.PooledDataSource  - PooledDataSource forcefully closed/removed all connections.
2020-04-14 18:03:19,264 103    [           main] DEBUG source.pooled.PooledDataSource  - PooledDataSource forcefully closed/removed all connections.
2020-04-14 18:03:19,265 104    [           main] DEBUG source.pooled.PooledDataSource  - PooledDataSource forcefully closed/removed all connections.
2020-04-14 18:03:19,265 104    [           main] DEBUG source.pooled.PooledDataSource  - PooledDataSource forcefully closed/removed all connections.
2020-04-14 18:03:30,239 0      [           main] DEBUG ache.ibatis.logging.LogFactory  - Logging initialized using 'class org.apache.ibatis.logging.log4j.Log4jImpl' adapter.
2020-04-14 18:03:30,339 100    [           main] DEBUG source.pooled.PooledDataSource  - PooledDataSource forcefully closed/removed all connections.
2020-04-14 18:03:30,339 100    [           main] DEBUG source.pooled.PooledDataSource  - PooledDataSource forcefully closed/removed all connections.
2020-04-14 18:03:30,339 100    [           main] DEBUG source.pooled.PooledDataSource  - PooledDataSource forcefully closed/removed all connections.
2020-04-14 18:03:30,340 101    [           main] DEBUG source.pooled.PooledDataSource  - PooledDataSource forcefully closed/removed all connections.
2020-04-14 18:04:56,079 0      [           main] DEBUG ache.ibatis.logging.LogFactory  - Logging initialized using 'class org.apache.ibatis.logging.log4j.Log4jImpl' adapter.
2020-04-14 18:04:56,176 97     [           main] DEBUG source.pooled.PooledDataSource  - PooledDataSource forcefully closed/removed all connections.
2020-04-14 18:04:56,176 97     [           main] DEBUG source.pooled.PooledDataSource  - PooledDataSource forcefully closed/removed all connections.
2020-04-14 18:04:56,176 97     [           main] DEBUG source.pooled.PooledDataSource  - PooledDataSource forcefully closed/removed all connections.
2020-04-14 18:04:56,176 97     [           main] DEBUG source.pooled.PooledDataSource  - PooledDataSource forcefully closed/removed all connections.
2020-04-14 18:06:13,642 0      [           main] DEBUG ache.ibatis.logging.LogFactory  - Logging initialized using 'class org.apache.ibatis.logging.log4j.Log4jImpl' adapter.
2020-04-14 18:06:13,750 108    [           main] DEBUG source.pooled.PooledDataSource  - PooledDataSource forcefully closed/removed all connections.
2020-04-14 18:06:13,751 109    [           main] DEBUG source.pooled.PooledDataSource  - PooledDataSource forcefully closed/removed all connections.
2020-04-14 18:06:13,751 109    [           main] DEBUG source.pooled.PooledDataSource  - PooledDataSource forcefully closed/removed all connections.
2020-04-14 18:06:13,751 109    [           main] DEBUG source.pooled.PooledDataSource  - PooledDataSource forcefully closed/removed all connections.
2020-04-14 18:06:58,634 0      [           main] DEBUG ache.ibatis.logging.LogFactory  - Logging initialized using 'class org.apache.ibatis.logging.log4j.Log4jImpl' adapter.
2020-04-14 18:06:59,465 831    [           main] DEBUG source.pooled.PooledDataSource  - PooledDataSource forcefully closed/removed all connections.
2020-04-14 18:06:59,466 832    [           main] DEBUG source.pooled.PooledDataSource  - PooledDataSource forcefully closed/removed all connections.
2020-04-14 18:06:59,467 833    [           main] DEBUG source.pooled.PooledDataSource  - PooledDataSource forcefully closed/removed all connections.
2020-04-14 18:06:59,468 834    [           main] DEBUG source.pooled.PooledDataSource  - PooledDataSource forcefully closed/removed all connections.
2020-04-14 18:07:06,580 0      [           main] DEBUG ache.ibatis.logging.LogFactory  - Logging initialized using 'class org.apache.ibatis.logging.log4j.Log4jImpl' adapter.
2020-04-14 18:07:06,677 97     [           main] DEBUG source.pooled.PooledDataSource  - PooledDataSource forcefully closed/removed all connections.
2020-04-14 18:07:06,677 97     [           main] DEBUG source.pooled.PooledDataSource  - PooledDataSource forcefully closed/removed all connections.
2020-04-14 18:07:06,677 97     [           main] DEBUG source.pooled.PooledDataSource  - PooledDataSource forcefully closed/removed all connections.
2020-04-14 18:07:06,677 97     [           main] DEBUG source.pooled.PooledDataSource  - PooledDataSource forcefully closed/removed all connections.
2020-04-14 18:07:06,699 119    [      Finalizer] DEBUG source.pooled.PooledDataSource  - PooledDataSource forcefully closed/removed all connections.
2020-04-14 18:07:18,350 0      [           main] DEBUG ache.ibatis.logging.LogFactory  - Logging initialized using 'class org.apache.ibatis.logging.log4j.Log4jImpl' adapter.
2020-04-14 18:07:18,459 109    [           main] DEBUG source.pooled.PooledDataSource  - PooledDataSource forcefully closed/removed all connections.
2020-04-14 18:07:18,460 110    [           main] DEBUG source.pooled.PooledDataSource  - PooledDataSource forcefully closed/removed all connections.
2020-04-14 18:07:18,460 110    [           main] DEBUG source.pooled.PooledDataSource  - PooledDataSource forcefully closed/removed all connections.
2020-04-14 18:07:18,460 110    [           main] DEBUG source.pooled.PooledDataSource  - PooledDataSource forcefully closed/removed all connections.
2020-04-14 18:08:21,215 0      [           main] DEBUG ache.ibatis.logging.LogFactory  - Logging initialized using 'class org.apache.ibatis.logging.log4j.Log4jImpl' adapter.
2020-04-14 18:08:21,311 96     [           main] DEBUG source.pooled.PooledDataSource  - PooledDataSource forcefully closed/removed all connections.
2020-04-14 18:08:21,311 96     [           main] DEBUG source.pooled.PooledDataSource  - PooledDataSource forcefully closed/removed all connections.
2020-04-14 18:08:21,311 96     [           main] DEBUG source.pooled.PooledDataSource  - PooledDataSource forcefully closed/removed all connections.
2020-04-14 18:08:21,311 96     [           main] DEBUG source.pooled.PooledDataSource  - PooledDataSource forcefully closed/removed all connections.
2020-04-14 18:09:24,579 0      [           main] DEBUG ache.ibatis.logging.LogFactory  - Logging initialized using 'class org.apache.ibatis.logging.log4j.Log4jImpl' adapter.
2020-04-14 18:09:24,678 99     [           main] DEBUG source.pooled.PooledDataSource  - PooledDataSource forcefully closed/removed all connections.
2020-04-14 18:09:24,678 99     [           main] DEBUG source.pooled.PooledDataSource  - PooledDataSource forcefully closed/removed all connections.
2020-04-14 18:09:24,679 100    [           main] DEBUG source.pooled.PooledDataSource  - PooledDataSource forcefully closed/removed all connections.
2020-04-14 18:09:24,679 100    [           main] DEBUG source.pooled.PooledDataSource  - PooledDataSource forcefully closed/removed all connections.
2020-04-14 18:10:20,806 0      [           main] DEBUG ache.ibatis.logging.LogFactory  - Logging initialized using 'class org.apache.ibatis.logging.log4j.Log4jImpl' adapter.
2020-04-14 18:10:20,928 122    [           main] DEBUG source.pooled.PooledDataSource  - PooledDataSource forcefully closed/removed all connections.
2020-04-14 18:10:20,928 122    [           main] DEBUG source.pooled.PooledDataSource  - PooledDataSource forcefully closed/removed all connections.
2020-04-14 18:10:20,929 123    [           main] DEBUG source.pooled.PooledDataSource  - PooledDataSource forcefully closed/removed all connections.
2020-04-14 18:10:20,929 123    [           main] DEBUG source.pooled.PooledDataSource  - PooledDataSource forcefully closed/removed all connections.
2020-04-14 18:11:17,870 0      [           main] DEBUG ache.ibatis.logging.LogFactory  - Logging initialized using 'class org.apache.ibatis.logging.log4j.Log4jImpl' adapter.
2020-04-14 18:11:17,964 94     [           main] DEBUG source.pooled.PooledDataSource  - PooledDataSource forcefully closed/removed all connections.
2020-04-14 18:11:17,964 94     [           main] DEBUG source.pooled.PooledDataSource  - PooledDataSource forcefully closed/removed all connections.
2020-04-14 18:11:17,964 94     [           main] DEBUG source.pooled.PooledDataSource  - PooledDataSource forcefully closed/removed all connections.
2020-04-14 18:11:17,965 95     [           main] DEBUG source.pooled.PooledDataSource  - PooledDataSource forcefully closed/removed all connections.
2020-04-14 18:11:18,048 178    [           main] DEBUG ansaction.jdbc.JdbcTransaction  - Opening JDBC Connection
2020-04-14 18:12:18,115 0      [           main] DEBUG ache.ibatis.logging.LogFactory  - Logging initialized using 'class org.apache.ibatis.logging.log4j.Log4jImpl' adapter.
2020-04-14 18:12:18,216 101    [           main] DEBUG source.pooled.PooledDataSource  - PooledDataSource forcefully closed/removed all connections.
2020-04-14 18:12:18,216 101    [           main] DEBUG source.pooled.PooledDataSource  - PooledDataSource forcefully closed/removed all connections.
2020-04-14 18:12:18,216 101    [           main] DEBUG source.pooled.PooledDataSource  - PooledDataSource forcefully closed/removed all connections.
2020-04-14 18:12:18,216 101    [           main] DEBUG source.pooled.PooledDataSource  - PooledDataSource forcefully closed/removed all connections.
2020-04-14 18:12:18,281 166    [           main] DEBUG ansaction.jdbc.JdbcTransaction  - Opening JDBC Connection
2020-04-14 18:12:18,714 599    [           main] DEBUG source.pooled.PooledDataSource  - Created connection 2089589253.
2020-04-14 18:12:18,714 599    [           main] DEBUG ansaction.jdbc.JdbcTransaction  - Setting autocommit to false on JDBC Connection [com.mysql.cj.jdbc.ConnectionImpl@7c8c9a05]
2020-04-14 18:12:18,717 602    [           main] DEBUG m.itheima.dao.IUserDao.findAll  - ==>  Preparing: select * from user 
2020-04-14 18:12:18,806 691    [           main] DEBUG m.itheima.dao.IUserDao.findAll  - ==> Parameters: 
2020-04-14 18:12:18,908 793    [           main] DEBUG m.itheima.dao.IUserDao.findAll  - <==      Total: 6
2020-04-14 18:12:18,920 805    [           main] DEBUG ansaction.jdbc.JdbcTransaction  - Resetting autocommit to true on JDBC Connection [com.mysql.cj.jdbc.ConnectionImpl@7c8c9a05]
2020-04-14 18:12:18,921 806    [           main] DEBUG ansaction.jdbc.JdbcTransaction  - Closing JDBC Connection [com.mysql.cj.jdbc.ConnectionImpl@7c8c9a05]
2020-04-14 18:12:18,921 806    [           main] DEBUG source.pooled.PooledDataSource  - Returned connection 2089589253 to pool.
2020-04-14 18:13:30,565 0      [           main] DEBUG ache.ibatis.logging.LogFactory  - Logging initialized using 'class org.apache.ibatis.logging.log4j.Log4jImpl' adapter.
2020-04-14 18:13:30,647 82     [           main] DEBUG source.pooled.PooledDataSource  - PooledDataSource forcefully closed/removed all connections.
2020-04-14 18:13:30,647 82     [           main] DEBUG source.pooled.PooledDataSource  - PooledDataSource forcefully closed/removed all connections.
2020-04-14 18:13:30,647 82     [           main] DEBUG source.pooled.PooledDataSource  - PooledDataSource forcefully closed/removed all connections.
2020-04-14 18:13:30,647 82     [           main] DEBUG source.pooled.PooledDataSource  - PooledDataSource forcefully closed/removed all connections.
2020-04-14 18:13:30,712 147    [           main] DEBUG ansaction.jdbc.JdbcTransaction  - Opening JDBC Connection
2020-04-14 18:13:31,122 557    [           main] DEBUG source.pooled.PooledDataSource  - Created connection 2089589253.
2020-04-14 18:13:31,123 558    [           main] DEBUG ansaction.jdbc.JdbcTransaction  - Setting autocommit to false on JDBC Connection [com.mysql.cj.jdbc.ConnectionImpl@7c8c9a05]
2020-04-14 18:13:31,128 563    [           main] DEBUG m.itheima.dao.IUserDao.findAll  - ==>  Preparing: select * from user 
2020-04-14 18:13:31,212 647    [           main] DEBUG m.itheima.dao.IUserDao.findAll  - ==> Parameters: 
2020-04-14 18:13:31,272 707    [           main] DEBUG m.itheima.dao.IUserDao.findAll  - <==      Total: 6
2020-04-14 18:13:31,280 715    [           main] DEBUG ansaction.jdbc.JdbcTransaction  - Resetting autocommit to true on JDBC Connection [com.mysql.cj.jdbc.ConnectionImpl@7c8c9a05]
2020-04-14 18:13:31,283 718    [           main] DEBUG ansaction.jdbc.JdbcTransaction  - Closing JDBC Connection [com.mysql.cj.jdbc.ConnectionImpl@7c8c9a05]
2020-04-14 18:13:31,283 718    [           main] DEBUG source.pooled.PooledDataSource  - Returned connection 2089589253 to pool.
2020-04-14 18:14:06,983 0      [           main] DEBUG ache.ibatis.logging.LogFactory  - Logging initialized using 'class org.apache.ibatis.logging.log4j.Log4jImpl' adapter.
2020-04-14 18:14:07,084 101    [           main] DEBUG source.pooled.PooledDataSource  - PooledDataSource forcefully closed/removed all connections.
2020-04-14 18:14:07,084 101    [           main] DEBUG source.pooled.PooledDataSource  - PooledDataSource forcefully closed/removed all connections.
2020-04-14 18:14:07,084 101    [           main] DEBUG source.pooled.PooledDataSource  - PooledDataSource forcefully closed/removed all connections.
2020-04-14 18:14:07,084 101    [           main] DEBUG source.pooled.PooledDataSource  - PooledDataSource forcefully closed/removed all connections.
2020-04-14 18:14:23,124 0      [           main] DEBUG ache.ibatis.logging.LogFactory  - Logging initialized using 'class org.apache.ibatis.logging.log4j.Log4jImpl' adapter.
2020-04-14 18:14:23,215 91     [           main] DEBUG source.pooled.PooledDataSource  - PooledDataSource forcefully closed/removed all connections.
2020-04-14 18:14:23,215 91     [           main] DEBUG source.pooled.PooledDataSource  - PooledDataSource forcefully closed/removed all connections.
2020-04-14 18:14:23,215 91     [           main] DEBUG source.pooled.PooledDataSource  - PooledDataSource forcefully closed/removed all connections.
2020-04-14 18:14:23,215 91     [           main] DEBUG source.pooled.PooledDataSource  - PooledDataSource forcefully closed/removed all connections.
2020-04-14 18:14:29,839 0      [           main] DEBUG ache.ibatis.logging.LogFactory  - Logging initialized using 'class org.apache.ibatis.logging.log4j.Log4jImpl' adapter.
2020-04-14 18:14:29,935 96     [           main] DEBUG source.pooled.PooledDataSource  - PooledDataSource forcefully closed/removed all connections.
2020-04-14 18:14:29,935 96     [           main] DEBUG source.pooled.PooledDataSource  - PooledDataSource forcefully closed/removed all connections.
2020-04-14 18:14:29,935 96     [           main] DEBUG source.pooled.PooledDataSource  - PooledDataSource forcefully closed/removed all connections.
2020-04-14 18:14:29,935 96     [           main] DEBUG source.pooled.PooledDataSource  - PooledDataSource forcefully closed/removed all connections.
2020-04-14 18:14:53,689 0      [           main] DEBUG ache.ibatis.logging.LogFactory  - Logging initialized using 'class org.apache.ibatis.logging.log4j.Log4jImpl' adapter.
2020-04-14 18:14:53,807 118    [           main] DEBUG source.pooled.PooledDataSource  - PooledDataSource forcefully closed/removed all connections.
2020-04-14 18:14:53,807 118    [           main] DEBUG source.pooled.PooledDataSource  - PooledDataSource forcefully closed/removed all connections.
2020-04-14 18:14:53,807 118    [           main] DEBUG source.pooled.PooledDataSource  - PooledDataSource forcefully closed/removed all connections.
2020-04-14 18:14:53,807 118    [           main] DEBUG source.pooled.PooledDataSource  - PooledDataSource forcefully closed/removed all connections.
2020-04-14 18:15:03,047 0      [           main] DEBUG ache.ibatis.logging.LogFactory  - Logging initialized using 'class org.apache.ibatis.logging.log4j.Log4jImpl' adapter.
2020-04-14 18:15:03,146 99     [           main] DEBUG source.pooled.PooledDataSource  - PooledDataSource forcefully closed/removed all connections.
2020-04-14 18:15:03,147 100    [           main] DEBUG source.pooled.PooledDataSource  - PooledDataSource forcefully closed/removed all connections.
2020-04-14 18:15:03,147 100    [           main] DEBUG source.pooled.PooledDataSource  - PooledDataSource forcefully closed/removed all connections.
2020-04-14 18:15:03,147 100    [           main] DEBUG source.pooled.PooledDataSource  - PooledDataSource forcefully closed/removed all connections.
2020-04-14 18:15:03,219 172    [           main] DEBUG ansaction.jdbc.JdbcTransaction  - Opening JDBC Connection
2020-04-14 18:15:03,648 601    [           main] DEBUG source.pooled.PooledDataSource  - Created connection 2089589253.
2020-04-14 18:15:03,649 602    [           main] DEBUG ansaction.jdbc.JdbcTransaction  - Setting autocommit to false on JDBC Connection [com.mysql.cj.jdbc.ConnectionImpl@7c8c9a05]
2020-04-14 18:15:03,651 604    [           main] DEBUG m.itheima.dao.IUserDao.findAll  - ==>  Preparing: select * from user 
2020-04-14 18:15:03,747 700    [           main] DEBUG m.itheima.dao.IUserDao.findAll  - ==> Parameters: 
2020-04-14 18:15:03,863 816    [           main] DEBUG m.itheima.dao.IUserDao.findAll  - <==      Total: 6
2020-04-14 18:15:03,867 820    [           main] DEBUG ansaction.jdbc.JdbcTransaction  - Resetting autocommit to true on JDBC Connection [com.mysql.cj.jdbc.ConnectionImpl@7c8c9a05]
2020-04-14 18:15:03,869 822    [           main] DEBUG ansaction.jdbc.JdbcTransaction  - Closing JDBC Connection [com.mysql.cj.jdbc.ConnectionImpl@7c8c9a05]
2020-04-14 18:15:03,869 822    [           main] DEBUG source.pooled.PooledDataSource  - Returned connection 2089589253 to pool.
2020-04-14 18:16:13,750 0      [           main] DEBUG ache.ibatis.logging.LogFactory  - Logging initialized using 'class org.apache.ibatis.logging.log4j.Log4jImpl' adapter.
2020-04-14 18:16:13,844 94     [           main] DEBUG source.pooled.PooledDataSource  - PooledDataSource forcefully closed/removed all connections.
2020-04-14 18:16:13,845 95     [           main] DEBUG source.pooled.PooledDataSource  - PooledDataSource forcefully closed/removed all connections.
2020-04-14 18:16:13,845 95     [           main] DEBUG source.pooled.PooledDataSource  - PooledDataSource forcefully closed/removed all connections.
2020-04-14 18:16:13,845 95     [           main] DEBUG source.pooled.PooledDataSource  - PooledDataSource forcefully closed/removed all connections.
2020-04-14 18:17:06,964 0      [           main] DEBUG ache.ibatis.logging.LogFactory  - Logging initialized using 'class org.apache.ibatis.logging.log4j.Log4jImpl' adapter.
2020-04-14 18:17:07,060 96     [           main] DEBUG source.pooled.PooledDataSource  - PooledDataSource forcefully closed/removed all connections.
2020-04-14 18:17:07,060 96     [           main] DEBUG source.pooled.PooledDataSource  - PooledDataSource forcefully closed/removed all connections.
2020-04-14 18:17:07,060 96     [           main] DEBUG source.pooled.PooledDataSource  - PooledDataSource forcefully closed/removed all connections.
2020-04-14 18:17:07,060 96     [           main] DEBUG source.pooled.PooledDataSource  - PooledDataSource forcefully closed/removed all connections.
2020-04-14 18:17:07,129 165    [           main] DEBUG ansaction.jdbc.JdbcTransaction  - Opening JDBC Connection
2020-04-14 18:17:07,534 570    [           main] DEBUG source.pooled.PooledDataSource  - Created connection 2089589253.
2020-04-14 18:17:07,534 570    [           main] DEBUG ansaction.jdbc.JdbcTransaction  - Setting autocommit to false on JDBC Connection [com.mysql.cj.jdbc.ConnectionImpl@7c8c9a05]
2020-04-14 18:17:07,536 572    [           main] DEBUG m.itheima.dao.IUserDao.findAll  - ==>  Preparing: select * from user 
2020-04-14 18:17:07,633 669    [           main] DEBUG m.itheima.dao.IUserDao.findAll  - ==> Parameters: 
2020-04-14 18:17:07,694 730    [           main] DEBUG m.itheima.dao.IUserDao.findAll  - <==      Total: 6
2020-04-14 18:17:07,704 740    [           main] DEBUG ansaction.jdbc.JdbcTransaction  - Resetting autocommit to true on JDBC Connection [com.mysql.cj.jdbc.ConnectionImpl@7c8c9a05]
2020-04-14 18:17:07,706 742    [           main] DEBUG ansaction.jdbc.JdbcTransaction  - Closing JDBC Connection [com.mysql.cj.jdbc.ConnectionImpl@7c8c9a05]
2020-04-14 18:17:07,707 743    [           main] DEBUG source.pooled.PooledDataSource  - Returned connection 2089589253 to pool.
2020-04-14 18:17:15,193 0      [           main] DEBUG ache.ibatis.logging.LogFactory  - Logging initialized using 'class org.apache.ibatis.logging.log4j.Log4jImpl' adapter.
2020-04-14 18:17:15,285 92     [           main] DEBUG source.pooled.PooledDataSource  - PooledDataSource forcefully closed/removed all connections.
2020-04-14 18:17:15,285 92     [           main] DEBUG source.pooled.PooledDataSource  - PooledDataSource forcefully closed/removed all connections.
2020-04-14 18:17:15,285 92     [           main] DEBUG source.pooled.PooledDataSource  - PooledDataSource forcefully closed/removed all connections.
2020-04-14 18:17:15,285 92     [           main] DEBUG source.pooled.PooledDataSource  - PooledDataSource forcefully closed/removed all connections.
2020-04-14 18:17:35,427 0      [           main] DEBUG ache.ibatis.logging.LogFactory  - Logging initialized using 'class org.apache.ibatis.logging.log4j.Log4jImpl' adapter.
2020-04-14 18:17:35,532 105    [           main] DEBUG source.pooled.PooledDataSource  - PooledDataSource forcefully closed/removed all connections.
2020-04-14 18:17:35,532 105    [           main] DEBUG source.pooled.PooledDataSource  - PooledDataSource forcefully closed/removed all connections.
2020-04-14 18:17:35,532 105    [           main] DEBUG source.pooled.PooledDataSource  - PooledDataSource forcefully closed/removed all connections.
2020-04-14 18:17:35,533 106    [           main] DEBUG source.pooled.PooledDataSource  - PooledDataSource forcefully closed/removed all connections.
2020-04-14 18:17:41,880 0      [           main] DEBUG ache.ibatis.logging.LogFactory  - Logging initialized using 'class org.apache.ibatis.logging.log4j.Log4jImpl' adapter.
2020-04-14 18:17:41,971 91     [           main] DEBUG source.pooled.PooledDataSource  - PooledDataSource forcefully closed/removed all connections.
2020-04-14 18:17:41,971 91     [           main] DEBUG source.pooled.PooledDataSource  - PooledDataSource forcefully closed/removed all connections.
2020-04-14 18:17:41,971 91     [           main] DEBUG source.pooled.PooledDataSource  - PooledDataSource forcefully closed/removed all connections.
2020-04-14 18:17:41,971 91     [           main] DEBUG source.pooled.PooledDataSource  - PooledDataSource forcefully closed/removed all connections.
2020-04-14 18:18:03,106 0      [           main] DEBUG ache.ibatis.logging.LogFactory  - Logging initialized using 'class org.apache.ibatis.logging.log4j.Log4jImpl' adapter.
2020-04-14 18:18:03,204 98     [           main] DEBUG source.pooled.PooledDataSource  - PooledDataSource forcefully closed/removed all connections.
2020-04-14 18:18:03,204 98     [           main] DEBUG source.pooled.PooledDataSource  - PooledDataSource forcefully closed/removed all connections.
2020-04-14 18:18:03,204 98     [           main] DEBUG source.pooled.PooledDataSource  - PooledDataSource forcefully closed/removed all connections.
2020-04-14 18:18:03,204 98     [           main] DEBUG source.pooled.PooledDataSource  - PooledDataSource forcefully closed/removed all connections.
2020-04-14 18:18:13,759 0      [           main] DEBUG ache.ibatis.logging.LogFactory  - Logging initialized using 'class org.apache.ibatis.logging.log4j.Log4jImpl' adapter.
2020-04-14 18:18:13,857 98     [           main] DEBUG source.pooled.PooledDataSource  - PooledDataSource forcefully closed/removed all connections.
2020-04-14 18:18:13,857 98     [           main] DEBUG source.pooled.PooledDataSource  - PooledDataSource forcefully closed/removed all connections.
2020-04-14 18:18:13,857 98     [           main] DEBUG source.pooled.PooledDataSource  - PooledDataSource forcefully closed/removed all connections.
2020-04-14 18:18:13,857 98     [           main] DEBUG source.pooled.PooledDataSource  - PooledDataSource forcefully closed/removed all connections.
2020-04-14 18:18:13,928 169    [           main] DEBUG ansaction.jdbc.JdbcTransaction  - Opening JDBC Connection
2020-04-14 18:18:14,349 590    [           main] DEBUG source.pooled.PooledDataSource  - Created connection 2089589253.
2020-04-14 18:18:14,350 591    [           main] DEBUG ansaction.jdbc.JdbcTransaction  - Setting autocommit to false on JDBC Connection [com.mysql.cj.jdbc.ConnectionImpl@7c8c9a05]
2020-04-14 18:18:14,352 593    [           main] DEBUG m.itheima.dao.IUserDao.findAll  - ==>  Preparing: select * from user 
2020-04-14 18:18:14,436 677    [           main] DEBUG m.itheima.dao.IUserDao.findAll  - ==> Parameters: 
2020-04-14 18:18:14,512 753    [           main] DEBUG m.itheima.dao.IUserDao.findAll  - <==      Total: 6
2020-04-14 18:18:14,520 761    [           main] DEBUG ansaction.jdbc.JdbcTransaction  - Resetting autocommit to true on JDBC Connection [com.mysql.cj.jdbc.ConnectionImpl@7c8c9a05]
2020-04-14 18:18:14,522 763    [           main] DEBUG ansaction.jdbc.JdbcTransaction  - Closing JDBC Connection [com.mysql.cj.jdbc.ConnectionImpl@7c8c9a05]
2020-04-14 18:18:14,523 764    [           main] DEBUG source.pooled.PooledDataSource  - Returned connection 2089589253 to pool.
