2020-04-13 17:48:13,431 0      [           main] DEBUG ache.ibatis.logging.LogFactory  - Logging initialized using 'class org.apache.ibatis.logging.log4j.Log4jImpl' adapter.
2020-04-13 17:48:13,558 127    [           main] DEBUG source.pooled.PooledDataSource  - PooledDataSource forcefully closed/removed all connections.
2020-04-13 17:48:13,558 127    [           main] DEBUG source.pooled.PooledDataSource  - PooledDataSource forcefully closed/removed all connections.
2020-04-13 17:48:13,559 128    [           main] DEBUG source.pooled.PooledDataSource  - PooledDataSource forcefully closed/removed all connections.
2020-04-13 17:48:13,559 128    [           main] DEBUG source.pooled.PooledDataSource  - PooledDataSource forcefully closed/removed all connections.
2020-04-13 17:48:13,638 207    [           main] DEBUG ansaction.jdbc.JdbcTransaction  - Opening JDBC Connection
2020-04-13 17:48:14,158 727    [           main] DEBUG source.pooled.PooledDataSource  - Created connection 222427158.
2020-04-13 17:48:14,158 727    [           main] DEBUG ansaction.jdbc.JdbcTransaction  - Setting autocommit to false on JDBC Connection [com.mysql.cj.jdbc.ConnectionImpl@d41f816]
2020-04-13 17:48:14,160 729    [           main] DEBUG m.itheima.dao.IUserDao.findAll  - ==>  Preparing: select *from user 
2020-04-13 17:48:14,227 796    [           main] DEBUG m.itheima.dao.IUserDao.findAll  - ==> Parameters: 
2020-04-13 17:48:14,294 863    [           main] DEBUG m.itheima.dao.IUserDao.findAll  - <==      Total: 6
2020-04-13 17:48:14,297 866    [           main] DEBUG ansaction.jdbc.JdbcTransaction  - Resetting autocommit to true on JDBC Connection [com.mysql.cj.jdbc.ConnectionImpl@d41f816]
2020-04-13 17:48:14,298 867    [           main] DEBUG ansaction.jdbc.JdbcTransaction  - Closing JDBC Connection [com.mysql.cj.jdbc.ConnectionImpl@d41f816]
2020-04-13 17:48:14,298 867    [           main] DEBUG source.pooled.PooledDataSource  - Returned connection 222427158 to pool.
2020-04-13 17:53:22,430 0      [           main] DEBUG ache.ibatis.logging.LogFactory  - Logging initialized using 'class org.apache.ibatis.logging.log4j.Log4jImpl' adapter.
2020-04-13 17:53:22,552 122    [           main] DEBUG source.pooled.PooledDataSource  - PooledDataSource forcefully closed/removed all connections.
2020-04-13 17:53:22,552 122    [           main] DEBUG source.pooled.PooledDataSource  - PooledDataSource forcefully closed/removed all connections.
2020-04-13 17:53:22,552 122    [           main] DEBUG source.pooled.PooledDataSource  - PooledDataSource forcefully closed/removed all connections.
2020-04-13 17:53:22,552 122    [           main] DEBUG source.pooled.PooledDataSource  - PooledDataSource forcefully closed/removed all connections.
2020-04-13 17:54:01,215 0      [           main] DEBUG ache.ibatis.logging.LogFactory  - Logging initialized using 'class org.apache.ibatis.logging.log4j.Log4jImpl' adapter.
2020-04-13 17:54:01,313 98     [           main] DEBUG source.pooled.PooledDataSource  - PooledDataSource forcefully closed/removed all connections.
2020-04-13 17:54:01,313 98     [           main] DEBUG source.pooled.PooledDataSource  - PooledDataSource forcefully closed/removed all connections.
2020-04-13 17:54:01,313 98     [           main] DEBUG source.pooled.PooledDataSource  - PooledDataSource forcefully closed/removed all connections.
2020-04-13 17:54:01,313 98     [           main] DEBUG source.pooled.PooledDataSource  - PooledDataSource forcefully closed/removed all connections.
2020-04-13 17:54:22,836 0      [           main] DEBUG ache.ibatis.logging.LogFactory  - Logging initialized using 'class org.apache.ibatis.logging.log4j.Log4jImpl' adapter.
2020-04-13 17:54:22,936 100    [           main] DEBUG source.pooled.PooledDataSource  - PooledDataSource forcefully closed/removed all connections.
2020-04-13 17:54:22,936 100    [           main] DEBUG source.pooled.PooledDataSource  - PooledDataSource forcefully closed/removed all connections.
2020-04-13 17:54:22,936 100    [           main] DEBUG source.pooled.PooledDataSource  - PooledDataSource forcefully closed/removed all connections.
2020-04-13 17:54:22,936 100    [           main] DEBUG source.pooled.PooledDataSource  - PooledDataSource forcefully closed/removed all connections.
2020-04-13 17:54:41,204 0      [           main] DEBUG ache.ibatis.logging.LogFactory  - Logging initialized using 'class org.apache.ibatis.logging.log4j.Log4jImpl' adapter.
2020-04-13 17:54:41,311 107    [           main] DEBUG source.pooled.PooledDataSource  - PooledDataSource forcefully closed/removed all connections.
2020-04-13 17:54:41,311 107    [           main] DEBUG source.pooled.PooledDataSource  - PooledDataSource forcefully closed/removed all connections.
2020-04-13 17:54:41,311 107    [           main] DEBUG source.pooled.PooledDataSource  - PooledDataSource forcefully closed/removed all connections.
2020-04-13 17:54:41,311 107    [           main] DEBUG source.pooled.PooledDataSource  - PooledDataSource forcefully closed/removed all connections.
2020-04-13 17:55:01,506 0      [           main] DEBUG ache.ibatis.logging.LogFactory  - Logging initialized using 'class org.apache.ibatis.logging.log4j.Log4jImpl' adapter.
2020-04-13 17:55:01,601 95     [           main] DEBUG source.pooled.PooledDataSource  - PooledDataSource forcefully closed/removed all connections.
2020-04-13 17:55:01,602 96     [           main] DEBUG source.pooled.PooledDataSource  - PooledDataSource forcefully closed/removed all connections.
2020-04-13 17:55:01,602 96     [           main] DEBUG source.pooled.PooledDataSource  - PooledDataSource forcefully closed/removed all connections.
2020-04-13 17:55:01,602 96     [           main] DEBUG source.pooled.PooledDataSource  - PooledDataSource forcefully closed/removed all connections.
2020-04-13 17:55:12,521 0      [           main] DEBUG ache.ibatis.logging.LogFactory  - Logging initialized using 'class org.apache.ibatis.logging.log4j.Log4jImpl' adapter.
2020-04-13 17:55:12,610 89     [           main] DEBUG source.pooled.PooledDataSource  - PooledDataSource forcefully closed/removed all connections.
2020-04-13 17:55:12,610 89     [           main] DEBUG source.pooled.PooledDataSource  - PooledDataSource forcefully closed/removed all connections.
2020-04-13 17:55:12,611 90     [           main] DEBUG source.pooled.PooledDataSource  - PooledDataSource forcefully closed/removed all connections.
2020-04-13 17:55:12,611 90     [           main] DEBUG source.pooled.PooledDataSource  - PooledDataSource forcefully closed/removed all connections.
2020-04-13 17:55:53,492 0      [           main] DEBUG ache.ibatis.logging.LogFactory  - Logging initialized using 'class org.apache.ibatis.logging.log4j.Log4jImpl' adapter.
2020-04-13 17:55:53,591 99     [           main] DEBUG source.pooled.PooledDataSource  - PooledDataSource forcefully closed/removed all connections.
2020-04-13 17:55:53,592 100    [           main] DEBUG source.pooled.PooledDataSource  - PooledDataSource forcefully closed/removed all connections.
2020-04-13 17:55:53,592 100    [           main] DEBUG source.pooled.PooledDataSource  - PooledDataSource forcefully closed/removed all connections.
2020-04-13 17:55:53,592 100    [           main] DEBUG source.pooled.PooledDataSource  - PooledDataSource forcefully closed/removed all connections.
2020-04-13 17:56:29,149 0      [           main] DEBUG ache.ibatis.logging.LogFactory  - Logging initialized using 'class org.apache.ibatis.logging.log4j.Log4jImpl' adapter.
2020-04-13 17:56:29,245 96     [           main] DEBUG source.pooled.PooledDataSource  - PooledDataSource forcefully closed/removed all connections.
2020-04-13 17:56:29,245 96     [           main] DEBUG source.pooled.PooledDataSource  - PooledDataSource forcefully closed/removed all connections.
2020-04-13 17:56:29,245 96     [           main] DEBUG source.pooled.PooledDataSource  - PooledDataSource forcefully closed/removed all connections.
2020-04-13 17:56:29,245 96     [           main] DEBUG source.pooled.PooledDataSource  - PooledDataSource forcefully closed/removed all connections.
2020-04-13 17:56:29,316 167    [           main] DEBUG ansaction.jdbc.JdbcTransaction  - Opening JDBC Connection
2020-04-13 17:56:29,812 663    [           main] DEBUG source.pooled.PooledDataSource  - Created connection 222427158.
2020-04-13 17:56:29,812 663    [           main] DEBUG ansaction.jdbc.JdbcTransaction  - Setting autocommit to false on JDBC Connection [com.mysql.cj.jdbc.ConnectionImpl@d41f816]
2020-04-13 17:56:29,814 665    [           main] DEBUG m.itheima.dao.IUserDao.findAll  - ==>  Preparing: select *from user 
2020-04-13 17:56:29,893 744    [           main] DEBUG m.itheima.dao.IUserDao.findAll  - ==> Parameters: 
2020-04-13 17:56:29,972 823    [           main] DEBUG m.itheima.dao.IUserDao.findAll  - <==      Total: 6
2020-04-13 17:56:29,976 827    [           main] DEBUG ansaction.jdbc.JdbcTransaction  - Resetting autocommit to true on JDBC Connection [com.mysql.cj.jdbc.ConnectionImpl@d41f816]
2020-04-13 17:56:29,977 828    [           main] DEBUG ansaction.jdbc.JdbcTransaction  - Closing JDBC Connection [com.mysql.cj.jdbc.ConnectionImpl@d41f816]
2020-04-13 17:56:29,977 828    [           main] DEBUG source.pooled.PooledDataSource  - Returned connection 222427158 to pool.
2020-04-13 17:57:10,189 0      [           main] DEBUG ache.ibatis.logging.LogFactory  - Logging initialized using 'class org.apache.ibatis.logging.log4j.Log4jImpl' adapter.
2020-04-13 17:57:10,296 107    [           main] DEBUG source.pooled.PooledDataSource  - PooledDataSource forcefully closed/removed all connections.
2020-04-13 17:57:10,297 108    [           main] DEBUG source.pooled.PooledDataSource  - PooledDataSource forcefully closed/removed all connections.
2020-04-13 17:57:10,297 108    [           main] DEBUG source.pooled.PooledDataSource  - PooledDataSource forcefully closed/removed all connections.
2020-04-13 17:57:10,297 108    [           main] DEBUG source.pooled.PooledDataSource  - PooledDataSource forcefully closed/removed all connections.
2020-04-13 17:58:36,923 0      [           main] DEBUG ache.ibatis.logging.LogFactory  - Logging initialized using 'class org.apache.ibatis.logging.log4j.Log4jImpl' adapter.
2020-04-13 17:58:37,026 103    [           main] DEBUG source.pooled.PooledDataSource  - PooledDataSource forcefully closed/removed all connections.
2020-04-13 17:58:37,026 103    [           main] DEBUG source.pooled.PooledDataSource  - PooledDataSource forcefully closed/removed all connections.
2020-04-13 17:58:37,026 103    [           main] DEBUG source.pooled.PooledDataSource  - PooledDataSource forcefully closed/removed all connections.
2020-04-13 17:58:37,027 104    [           main] DEBUG source.pooled.PooledDataSource  - PooledDataSource forcefully closed/removed all connections.
2020-04-13 17:58:45,896 0      [           main] DEBUG ache.ibatis.logging.LogFactory  - Logging initialized using 'class org.apache.ibatis.logging.log4j.Log4jImpl' adapter.
2020-04-13 17:58:45,995 99     [           main] DEBUG source.pooled.PooledDataSource  - PooledDataSource forcefully closed/removed all connections.
2020-04-13 17:58:45,995 99     [           main] DEBUG source.pooled.PooledDataSource  - PooledDataSource forcefully closed/removed all connections.
2020-04-13 17:58:45,995 99     [           main] DEBUG source.pooled.PooledDataSource  - PooledDataSource forcefully closed/removed all connections.
2020-04-13 17:58:45,995 99     [           main] DEBUG source.pooled.PooledDataSource  - PooledDataSource forcefully closed/removed all connections.
2020-04-13 17:58:46,063 167    [           main] DEBUG ansaction.jdbc.JdbcTransaction  - Opening JDBC Connection
2020-04-13 17:58:46,478 582    [           main] DEBUG source.pooled.PooledDataSource  - Created connection 222427158.
2020-04-13 17:58:46,478 582    [           main] DEBUG ansaction.jdbc.JdbcTransaction  - Setting autocommit to false on JDBC Connection [com.mysql.cj.jdbc.ConnectionImpl@d41f816]
2020-04-13 17:58:46,480 584    [           main] DEBUG m.itheima.dao.IUserDao.findAll  - ==>  Preparing: select *from user 
2020-04-13 17:58:46,550 654    [           main] DEBUG m.itheima.dao.IUserDao.findAll  - ==> Parameters: 
2020-04-13 17:58:46,612 716    [           main] DEBUG m.itheima.dao.IUserDao.findAll  - <==      Total: 6
2020-04-13 17:58:46,621 725    [           main] DEBUG ansaction.jdbc.JdbcTransaction  - Resetting autocommit to true on JDBC Connection [com.mysql.cj.jdbc.ConnectionImpl@d41f816]
2020-04-13 17:58:46,622 726    [           main] DEBUG ansaction.jdbc.JdbcTransaction  - Closing JDBC Connection [com.mysql.cj.jdbc.ConnectionImpl@d41f816]
2020-04-13 17:58:46,622 726    [           main] DEBUG source.pooled.PooledDataSource  - Returned connection 222427158 to pool.
2020-04-13 17:59:05,548 0      [           main] DEBUG ache.ibatis.logging.LogFactory  - Logging initialized using 'class org.apache.ibatis.logging.log4j.Log4jImpl' adapter.
2020-04-13 17:59:05,645 97     [           main] DEBUG source.pooled.PooledDataSource  - PooledDataSource forcefully closed/removed all connections.
2020-04-13 17:59:05,645 97     [           main] DEBUG source.pooled.PooledDataSource  - PooledDataSource forcefully closed/removed all connections.
2020-04-13 17:59:05,645 97     [           main] DEBUG source.pooled.PooledDataSource  - PooledDataSource forcefully closed/removed all connections.
2020-04-13 17:59:05,645 97     [           main] DEBUG source.pooled.PooledDataSource  - PooledDataSource forcefully closed/removed all connections.
2020-04-13 17:59:54,998 0      [           main] DEBUG ache.ibatis.logging.LogFactory  - Logging initialized using 'class org.apache.ibatis.logging.log4j.Log4jImpl' adapter.
2020-04-13 17:59:55,108 110    [           main] DEBUG source.pooled.PooledDataSource  - PooledDataSource forcefully closed/removed all connections.
2020-04-13 17:59:55,108 110    [           main] DEBUG source.pooled.PooledDataSource  - PooledDataSource forcefully closed/removed all connections.
2020-04-13 17:59:55,108 110    [           main] DEBUG source.pooled.PooledDataSource  - PooledDataSource forcefully closed/removed all connections.
2020-04-13 17:59:55,108 110    [           main] DEBUG source.pooled.PooledDataSource  - PooledDataSource forcefully closed/removed all connections.
2020-04-13 18:00:32,668 0      [           main] DEBUG ache.ibatis.logging.LogFactory  - Logging initialized using 'class org.apache.ibatis.logging.log4j.Log4jImpl' adapter.
2020-04-13 18:00:32,749 81     [           main] DEBUG source.pooled.PooledDataSource  - PooledDataSource forcefully closed/removed all connections.
2020-04-13 18:00:32,749 81     [           main] DEBUG source.pooled.PooledDataSource  - PooledDataSource forcefully closed/removed all connections.
2020-04-13 18:00:32,749 81     [           main] DEBUG source.pooled.PooledDataSource  - PooledDataSource forcefully closed/removed all connections.
2020-04-13 18:00:32,749 81     [           main] DEBUG source.pooled.PooledDataSource  - PooledDataSource forcefully closed/removed all connections.
2020-04-13 18:00:32,818 150    [           main] DEBUG ansaction.jdbc.JdbcTransaction  - Opening JDBC Connection
2020-04-13 18:00:33,260 592    [           main] DEBUG source.pooled.PooledDataSource  - Created connection 222427158.
2020-04-13 18:00:33,260 592    [           main] DEBUG ansaction.jdbc.JdbcTransaction  - Setting autocommit to false on JDBC Connection [com.mysql.cj.jdbc.ConnectionImpl@d41f816]
2020-04-13 18:00:33,262 594    [           main] DEBUG m.itheima.dao.IUserDao.findAll  - ==>  Preparing: select *from user 
2020-04-13 18:00:33,343 675    [           main] DEBUG m.itheima.dao.IUserDao.findAll  - ==> Parameters: 
2020-04-13 18:00:33,435 767    [           main] DEBUG m.itheima.dao.IUserDao.findAll  - <==      Total: 6
2020-04-13 18:00:33,443 775    [           main] DEBUG ansaction.jdbc.JdbcTransaction  - Resetting autocommit to true on JDBC Connection [com.mysql.cj.jdbc.ConnectionImpl@d41f816]
2020-04-13 18:00:33,443 775    [           main] DEBUG ansaction.jdbc.JdbcTransaction  - Closing JDBC Connection [com.mysql.cj.jdbc.ConnectionImpl@d41f816]
2020-04-13 18:00:33,444 776    [           main] DEBUG source.pooled.PooledDataSource  - Returned connection 222427158 to pool.
2020-04-13 18:02:04,095 0      [           main] DEBUG ache.ibatis.logging.LogFactory  - Logging initialized using 'class org.apache.ibatis.logging.log4j.Log4jImpl' adapter.
2020-04-13 18:02:04,193 98     [           main] DEBUG source.pooled.PooledDataSource  - PooledDataSource forcefully closed/removed all connections.
2020-04-13 18:02:04,194 99     [           main] DEBUG source.pooled.PooledDataSource  - PooledDataSource forcefully closed/removed all connections.
2020-04-13 18:02:04,194 99     [           main] DEBUG source.pooled.PooledDataSource  - PooledDataSource forcefully closed/removed all connections.
2020-04-13 18:02:04,194 99     [           main] DEBUG source.pooled.PooledDataSource  - PooledDataSource forcefully closed/removed all connections.
2020-04-13 18:02:19,310 0      [           main] DEBUG ache.ibatis.logging.LogFactory  - Logging initialized using 'class org.apache.ibatis.logging.log4j.Log4jImpl' adapter.
2020-04-13 18:02:19,413 103    [           main] DEBUG source.pooled.PooledDataSource  - PooledDataSource forcefully closed/removed all connections.
2020-04-13 18:02:19,413 103    [           main] DEBUG source.pooled.PooledDataSource  - PooledDataSource forcefully closed/removed all connections.
2020-04-13 18:02:19,414 104    [           main] DEBUG source.pooled.PooledDataSource  - PooledDataSource forcefully closed/removed all connections.
2020-04-13 18:02:19,414 104    [           main] DEBUG source.pooled.PooledDataSource  - PooledDataSource forcefully closed/removed all connections.
2020-04-13 18:02:19,449 139    [           main] DEBUG ansaction.jdbc.JdbcTransaction  - Opening JDBC Connection
2020-04-13 18:02:19,858 548    [           main] DEBUG source.pooled.PooledDataSource  - Created connection 807328355.
2020-04-13 18:02:19,858 548    [           main] DEBUG ansaction.jdbc.JdbcTransaction  - Setting autocommit to false on JDBC Connection [com.mysql.cj.jdbc.ConnectionImpl@301eda63]
2020-04-13 18:02:19,861 551    [           main] DEBUG m.itheima.dao.IUserDao.findAll  - ==>  Preparing: select * from user 
2020-04-13 18:02:19,945 635    [           main] DEBUG m.itheima.dao.IUserDao.findAll  - ==> Parameters: 
2020-04-13 18:02:20,026 716    [           main] DEBUG m.itheima.dao.IUserDao.findAll  - <==      Total: 6
2020-04-13 18:02:20,040 730    [           main] DEBUG ansaction.jdbc.JdbcTransaction  - Resetting autocommit to true on JDBC Connection [com.mysql.cj.jdbc.ConnectionImpl@301eda63]
2020-04-13 18:02:20,041 731    [           main] DEBUG ansaction.jdbc.JdbcTransaction  - Closing JDBC Connection [com.mysql.cj.jdbc.ConnectionImpl@301eda63]
2020-04-13 18:02:20,041 731    [           main] DEBUG source.pooled.PooledDataSource  - Returned connection 807328355 to pool.
2020-04-13 18:04:27,026 1      [           main] DEBUG ache.ibatis.logging.LogFactory  - Logging initialized using 'class org.apache.ibatis.logging.log4j.Log4jImpl' adapter.
2020-04-13 18:04:27,121 96     [           main] DEBUG source.pooled.PooledDataSource  - PooledDataSource forcefully closed/removed all connections.
2020-04-13 18:04:27,122 97     [           main] DEBUG source.pooled.PooledDataSource  - PooledDataSource forcefully closed/removed all connections.
2020-04-13 18:04:27,122 97     [           main] DEBUG source.pooled.PooledDataSource  - PooledDataSource forcefully closed/removed all connections.
2020-04-13 18:04:27,122 97     [           main] DEBUG source.pooled.PooledDataSource  - PooledDataSource forcefully closed/removed all connections.
2020-04-13 18:04:27,153 128    [           main] DEBUG ansaction.jdbc.JdbcTransaction  - Opening JDBC Connection
2020-04-13 18:04:27,561 536    [           main] DEBUG source.pooled.PooledDataSource  - Created connection 807328355.
2020-04-13 18:04:27,561 536    [           main] DEBUG ansaction.jdbc.JdbcTransaction  - Setting autocommit to false on JDBC Connection [com.mysql.cj.jdbc.ConnectionImpl@301eda63]
2020-04-13 18:04:27,563 538    [           main] DEBUG m.itheima.dao.IUserDao.findAll  - ==>  Preparing: select * from user 
2020-04-13 18:04:27,633 608    [           main] DEBUG m.itheima.dao.IUserDao.findAll  - ==> Parameters: 
2020-04-13 18:04:27,700 675    [           main] DEBUG m.itheima.dao.IUserDao.findAll  - <==      Total: 6
2020-04-13 18:04:27,708 683    [           main] DEBUG ansaction.jdbc.JdbcTransaction  - Resetting autocommit to true on JDBC Connection [com.mysql.cj.jdbc.ConnectionImpl@301eda63]
2020-04-13 18:04:27,709 684    [           main] DEBUG ansaction.jdbc.JdbcTransaction  - Closing JDBC Connection [com.mysql.cj.jdbc.ConnectionImpl@301eda63]
2020-04-13 18:04:27,709 684    [           main] DEBUG source.pooled.PooledDataSource  - Returned connection 807328355 to pool.
2020-04-13 18:04:35,992 0      [           main] DEBUG ache.ibatis.logging.LogFactory  - Logging initialized using 'class org.apache.ibatis.logging.log4j.Log4jImpl' adapter.
2020-04-13 18:04:36,089 97     [           main] DEBUG source.pooled.PooledDataSource  - PooledDataSource forcefully closed/removed all connections.
2020-04-13 18:04:36,089 97     [           main] DEBUG source.pooled.PooledDataSource  - PooledDataSource forcefully closed/removed all connections.
2020-04-13 18:04:36,089 97     [           main] DEBUG source.pooled.PooledDataSource  - PooledDataSource forcefully closed/removed all connections.
2020-04-13 18:04:36,090 98     [           main] DEBUG source.pooled.PooledDataSource  - PooledDataSource forcefully closed/removed all connections.
2020-04-13 18:04:36,123 131    [           main] DEBUG ansaction.jdbc.JdbcTransaction  - Opening JDBC Connection
2020-04-13 18:04:36,504 512    [           main] DEBUG source.pooled.PooledDataSource  - Created connection 807328355.
2020-04-13 18:04:36,505 513    [           main] DEBUG ansaction.jdbc.JdbcTransaction  - Setting autocommit to false on JDBC Connection [com.mysql.cj.jdbc.ConnectionImpl@301eda63]
2020-04-13 18:04:36,507 515    [           main] DEBUG m.itheima.dao.IUserDao.findAll  - ==>  Preparing: select * from user 
2020-04-13 18:04:36,585 593    [           main] DEBUG m.itheima.dao.IUserDao.findAll  - ==> Parameters: 
2020-04-13 18:04:36,653 661    [           main] DEBUG m.itheima.dao.IUserDao.findAll  - <==      Total: 6
2020-04-13 18:04:36,662 670    [           main] DEBUG ansaction.jdbc.JdbcTransaction  - Resetting autocommit to true on JDBC Connection [com.mysql.cj.jdbc.ConnectionImpl@301eda63]
2020-04-13 18:04:36,663 671    [           main] DEBUG ansaction.jdbc.JdbcTransaction  - Closing JDBC Connection [com.mysql.cj.jdbc.ConnectionImpl@301eda63]
2020-04-13 18:04:36,663 671    [           main] DEBUG source.pooled.PooledDataSource  - Returned connection 807328355 to pool.
2020-04-13 18:04:46,765 0      [           main] DEBUG ache.ibatis.logging.LogFactory  - Logging initialized using 'class org.apache.ibatis.logging.log4j.Log4jImpl' adapter.
2020-04-13 18:04:46,869 104    [           main] DEBUG source.pooled.PooledDataSource  - PooledDataSource forcefully closed/removed all connections.
2020-04-13 18:04:46,869 104    [           main] DEBUG source.pooled.PooledDataSource  - PooledDataSource forcefully closed/removed all connections.
2020-04-13 18:04:46,870 105    [           main] DEBUG source.pooled.PooledDataSource  - PooledDataSource forcefully closed/removed all connections.
2020-04-13 18:04:46,870 105    [           main] DEBUG source.pooled.PooledDataSource  - PooledDataSource forcefully closed/removed all connections.
2020-04-13 18:04:54,182 0      [           main] DEBUG ache.ibatis.logging.LogFactory  - Logging initialized using 'class org.apache.ibatis.logging.log4j.Log4jImpl' adapter.
2020-04-13 18:04:54,284 102    [           main] DEBUG source.pooled.PooledDataSource  - PooledDataSource forcefully closed/removed all connections.
2020-04-13 18:04:54,284 102    [           main] DEBUG source.pooled.PooledDataSource  - PooledDataSource forcefully closed/removed all connections.
2020-04-13 18:04:54,284 102    [           main] DEBUG source.pooled.PooledDataSource  - PooledDataSource forcefully closed/removed all connections.
2020-04-13 18:04:54,284 102    [           main] DEBUG source.pooled.PooledDataSource  - PooledDataSource forcefully closed/removed all connections.
2020-04-13 18:05:03,197 0      [           main] DEBUG ache.ibatis.logging.LogFactory  - Logging initialized using 'class org.apache.ibatis.logging.log4j.Log4jImpl' adapter.
2020-04-13 18:05:03,301 104    [           main] DEBUG source.pooled.PooledDataSource  - PooledDataSource forcefully closed/removed all connections.
2020-04-13 18:05:03,301 104    [           main] DEBUG source.pooled.PooledDataSource  - PooledDataSource forcefully closed/removed all connections.
2020-04-13 18:05:03,301 104    [           main] DEBUG source.pooled.PooledDataSource  - PooledDataSource forcefully closed/removed all connections.
2020-04-13 18:05:03,302 105    [           main] DEBUG source.pooled.PooledDataSource  - PooledDataSource forcefully closed/removed all connections.
2020-04-13 18:05:25,010 0      [           main] DEBUG ache.ibatis.logging.LogFactory  - Logging initialized using 'class org.apache.ibatis.logging.log4j.Log4jImpl' adapter.
2020-04-13 18:05:25,112 102    [           main] DEBUG source.pooled.PooledDataSource  - PooledDataSource forcefully closed/removed all connections.
2020-04-13 18:05:25,112 102    [           main] DEBUG source.pooled.PooledDataSource  - PooledDataSource forcefully closed/removed all connections.
2020-04-13 18:05:25,112 102    [           main] DEBUG source.pooled.PooledDataSource  - PooledDataSource forcefully closed/removed all connections.
2020-04-13 18:05:25,112 102    [           main] DEBUG source.pooled.PooledDataSource  - PooledDataSource forcefully closed/removed all connections.
2020-04-13 18:05:25,143 133    [           main] DEBUG ansaction.jdbc.JdbcTransaction  - Opening JDBC Connection
2020-04-13 18:05:25,529 519    [           main] DEBUG source.pooled.PooledDataSource  - Created connection 807328355.
2020-04-13 18:05:25,530 520    [           main] DEBUG ansaction.jdbc.JdbcTransaction  - Setting autocommit to false on JDBC Connection [com.mysql.cj.jdbc.ConnectionImpl@301eda63]
2020-04-13 18:05:25,534 524    [           main] DEBUG m.itheima.dao.IUserDao.findAll  - ==>  Preparing: select * from user 
2020-04-13 18:05:25,602 592    [           main] DEBUG m.itheima.dao.IUserDao.findAll  - ==> Parameters: 
2020-04-13 18:05:25,674 664    [           main] DEBUG m.itheima.dao.IUserDao.findAll  - <==      Total: 6
2020-04-13 18:05:25,686 676    [           main] DEBUG ansaction.jdbc.JdbcTransaction  - Resetting autocommit to true on JDBC Connection [com.mysql.cj.jdbc.ConnectionImpl@301eda63]
2020-04-13 18:05:25,687 677    [           main] DEBUG ansaction.jdbc.JdbcTransaction  - Closing JDBC Connection [com.mysql.cj.jdbc.ConnectionImpl@301eda63]
2020-04-13 18:05:25,688 678    [           main] DEBUG source.pooled.PooledDataSource  - Returned connection 807328355 to pool.
2020-04-13 18:05:45,280 0      [           main] DEBUG ache.ibatis.logging.LogFactory  - Logging initialized using 'class org.apache.ibatis.logging.log4j.Log4jImpl' adapter.
2020-04-13 18:05:45,378 98     [           main] DEBUG source.pooled.PooledDataSource  - PooledDataSource forcefully closed/removed all connections.
2020-04-13 18:05:45,378 98     [           main] DEBUG source.pooled.PooledDataSource  - PooledDataSource forcefully closed/removed all connections.
2020-04-13 18:05:45,378 98     [           main] DEBUG source.pooled.PooledDataSource  - PooledDataSource forcefully closed/removed all connections.
2020-04-13 18:05:45,378 98     [           main] DEBUG source.pooled.PooledDataSource  - PooledDataSource forcefully closed/removed all connections.
2020-04-13 18:05:54,463 0      [           main] DEBUG ache.ibatis.logging.LogFactory  - Logging initialized using 'class org.apache.ibatis.logging.log4j.Log4jImpl' adapter.
2020-04-13 18:05:54,557 94     [           main] DEBUG source.pooled.PooledDataSource  - PooledDataSource forcefully closed/removed all connections.
2020-04-13 18:05:54,557 94     [           main] DEBUG source.pooled.PooledDataSource  - PooledDataSource forcefully closed/removed all connections.
2020-04-13 18:05:54,557 94     [           main] DEBUG source.pooled.PooledDataSource  - PooledDataSource forcefully closed/removed all connections.
2020-04-13 18:05:54,557 94     [           main] DEBUG source.pooled.PooledDataSource  - PooledDataSource forcefully closed/removed all connections.
2020-04-13 18:06:06,135 0      [           main] DEBUG ache.ibatis.logging.LogFactory  - Logging initialized using 'class org.apache.ibatis.logging.log4j.Log4jImpl' adapter.
2020-04-13 18:06:06,235 100    [           main] DEBUG source.pooled.PooledDataSource  - PooledDataSource forcefully closed/removed all connections.
2020-04-13 18:06:06,235 100    [           main] DEBUG source.pooled.PooledDataSource  - PooledDataSource forcefully closed/removed all connections.
2020-04-13 18:06:06,235 100    [           main] DEBUG source.pooled.PooledDataSource  - PooledDataSource forcefully closed/removed all connections.
2020-04-13 18:06:06,236 101    [           main] DEBUG source.pooled.PooledDataSource  - PooledDataSource forcefully closed/removed all connections.
2020-04-13 18:06:25,596 0      [           main] DEBUG ache.ibatis.logging.LogFactory  - Logging initialized using 'class org.apache.ibatis.logging.log4j.Log4jImpl' adapter.
2020-04-13 18:06:25,700 104    [           main] DEBUG source.pooled.PooledDataSource  - PooledDataSource forcefully closed/removed all connections.
2020-04-13 18:06:25,701 105    [           main] DEBUG source.pooled.PooledDataSource  - PooledDataSource forcefully closed/removed all connections.
2020-04-13 18:06:25,701 105    [           main] DEBUG source.pooled.PooledDataSource  - PooledDataSource forcefully closed/removed all connections.
2020-04-13 18:06:25,701 105    [           main] DEBUG source.pooled.PooledDataSource  - PooledDataSource forcefully closed/removed all connections.
2020-04-13 18:06:37,356 0      [           main] DEBUG ache.ibatis.logging.LogFactory  - Logging initialized using 'class org.apache.ibatis.logging.log4j.Log4jImpl' adapter.
2020-04-13 18:06:37,460 104    [           main] DEBUG source.pooled.PooledDataSource  - PooledDataSource forcefully closed/removed all connections.
2020-04-13 18:06:37,460 104    [           main] DEBUG source.pooled.PooledDataSource  - PooledDataSource forcefully closed/removed all connections.
2020-04-13 18:06:37,460 104    [           main] DEBUG source.pooled.PooledDataSource  - PooledDataSource forcefully closed/removed all connections.
2020-04-13 18:06:37,460 104    [           main] DEBUG source.pooled.PooledDataSource  - PooledDataSource forcefully closed/removed all connections.
2020-04-13 18:06:37,536 180    [           main] DEBUG ansaction.jdbc.JdbcTransaction  - Opening JDBC Connection
2020-04-13 18:06:37,995 639    [           main] DEBUG source.pooled.PooledDataSource  - Created connection 222427158.
2020-04-13 18:06:37,995 639    [           main] DEBUG ansaction.jdbc.JdbcTransaction  - Setting autocommit to false on JDBC Connection [com.mysql.cj.jdbc.ConnectionImpl@d41f816]
2020-04-13 18:06:37,997 641    [           main] DEBUG m.itheima.dao.IUserDao.findAll  - ==>  Preparing: select *from user 
2020-04-13 18:06:38,095 739    [           main] DEBUG m.itheima.dao.IUserDao.findAll  - ==> Parameters: 
2020-04-13 18:06:38,179 823    [           main] DEBUG m.itheima.dao.IUserDao.findAll  - <==      Total: 6
2020-04-13 18:06:38,183 827    [           main] DEBUG ansaction.jdbc.JdbcTransaction  - Resetting autocommit to true on JDBC Connection [com.mysql.cj.jdbc.ConnectionImpl@d41f816]
2020-04-13 18:06:38,184 828    [           main] DEBUG ansaction.jdbc.JdbcTransaction  - Closing JDBC Connection [com.mysql.cj.jdbc.ConnectionImpl@d41f816]
2020-04-13 18:06:38,185 829    [           main] DEBUG source.pooled.PooledDataSource  - Returned connection 222427158 to pool.
2020-04-13 18:06:59,098 0      [           main] DEBUG ache.ibatis.logging.LogFactory  - Logging initialized using 'class org.apache.ibatis.logging.log4j.Log4jImpl' adapter.
2020-04-13 18:06:59,198 100    [           main] DEBUG source.pooled.PooledDataSource  - PooledDataSource forcefully closed/removed all connections.
2020-04-13 18:06:59,198 100    [           main] DEBUG source.pooled.PooledDataSource  - PooledDataSource forcefully closed/removed all connections.
2020-04-13 18:06:59,199 101    [           main] DEBUG source.pooled.PooledDataSource  - PooledDataSource forcefully closed/removed all connections.
2020-04-13 18:06:59,199 101    [           main] DEBUG source.pooled.PooledDataSource  - PooledDataSource forcefully closed/removed all connections.
2020-04-13 18:07:05,922 0      [           main] DEBUG ache.ibatis.logging.LogFactory  - Logging initialized using 'class org.apache.ibatis.logging.log4j.Log4jImpl' adapter.
2020-04-13 18:07:06,016 94     [           main] DEBUG source.pooled.PooledDataSource  - PooledDataSource forcefully closed/removed all connections.
2020-04-13 18:07:06,016 94     [           main] DEBUG source.pooled.PooledDataSource  - PooledDataSource forcefully closed/removed all connections.
2020-04-13 18:07:06,016 94     [           main] DEBUG source.pooled.PooledDataSource  - PooledDataSource forcefully closed/removed all connections.
2020-04-13 18:07:06,016 94     [           main] DEBUG source.pooled.PooledDataSource  - PooledDataSource forcefully closed/removed all connections.
2020-04-13 18:07:15,081 1      [           main] DEBUG ache.ibatis.logging.LogFactory  - Logging initialized using 'class org.apache.ibatis.logging.log4j.Log4jImpl' adapter.
2020-04-13 18:07:15,178 98     [           main] DEBUG source.pooled.PooledDataSource  - PooledDataSource forcefully closed/removed all connections.
2020-04-13 18:07:15,178 98     [           main] DEBUG source.pooled.PooledDataSource  - PooledDataSource forcefully closed/removed all connections.
2020-04-13 18:07:15,178 98     [           main] DEBUG source.pooled.PooledDataSource  - PooledDataSource forcefully closed/removed all connections.
2020-04-13 18:07:15,178 98     [           main] DEBUG source.pooled.PooledDataSource  - PooledDataSource forcefully closed/removed all connections.
2020-04-13 18:07:22,108 0      [           main] DEBUG ache.ibatis.logging.LogFactory  - Logging initialized using 'class org.apache.ibatis.logging.log4j.Log4jImpl' adapter.
2020-04-13 18:07:22,228 120    [           main] DEBUG source.pooled.PooledDataSource  - PooledDataSource forcefully closed/removed all connections.
2020-04-13 18:07:22,228 120    [           main] DEBUG source.pooled.PooledDataSource  - PooledDataSource forcefully closed/removed all connections.
2020-04-13 18:07:22,228 120    [           main] DEBUG source.pooled.PooledDataSource  - PooledDataSource forcefully closed/removed all connections.
2020-04-13 18:07:22,228 120    [           main] DEBUG source.pooled.PooledDataSource  - PooledDataSource forcefully closed/removed all connections.
2020-04-13 18:07:39,293 0      [           main] DEBUG ache.ibatis.logging.LogFactory  - Logging initialized using 'class org.apache.ibatis.logging.log4j.Log4jImpl' adapter.
2020-04-13 18:07:39,389 96     [           main] DEBUG source.pooled.PooledDataSource  - PooledDataSource forcefully closed/removed all connections.
2020-04-13 18:07:39,389 96     [           main] DEBUG source.pooled.PooledDataSource  - PooledDataSource forcefully closed/removed all connections.
2020-04-13 18:07:39,389 96     [           main] DEBUG source.pooled.PooledDataSource  - PooledDataSource forcefully closed/removed all connections.
2020-04-13 18:07:39,389 96     [           main] DEBUG source.pooled.PooledDataSource  - PooledDataSource forcefully closed/removed all connections.
2020-04-13 18:07:44,502 0      [           main] DEBUG ache.ibatis.logging.LogFactory  - Logging initialized using 'class org.apache.ibatis.logging.log4j.Log4jImpl' adapter.
2020-04-13 18:07:44,615 113    [           main] DEBUG source.pooled.PooledDataSource  - PooledDataSource forcefully closed/removed all connections.
2020-04-13 18:07:44,615 113    [           main] DEBUG source.pooled.PooledDataSource  - PooledDataSource forcefully closed/removed all connections.
2020-04-13 18:07:44,615 113    [           main] DEBUG source.pooled.PooledDataSource  - PooledDataSource forcefully closed/removed all connections.
2020-04-13 18:07:44,615 113    [           main] DEBUG source.pooled.PooledDataSource  - PooledDataSource forcefully closed/removed all connections.
2020-04-13 18:07:52,411 0      [           main] DEBUG ache.ibatis.logging.LogFactory  - Logging initialized using 'class org.apache.ibatis.logging.log4j.Log4jImpl' adapter.
2020-04-13 18:07:52,526 115    [           main] DEBUG source.pooled.PooledDataSource  - PooledDataSource forcefully closed/removed all connections.
2020-04-13 18:07:52,526 115    [           main] DEBUG source.pooled.PooledDataSource  - PooledDataSource forcefully closed/removed all connections.
2020-04-13 18:07:52,526 115    [           main] DEBUG source.pooled.PooledDataSource  - PooledDataSource forcefully closed/removed all connections.
2020-04-13 18:07:52,527 116    [           main] DEBUG source.pooled.PooledDataSource  - PooledDataSource forcefully closed/removed all connections.
2020-04-13 18:08:05,696 0      [           main] DEBUG ache.ibatis.logging.LogFactory  - Logging initialized using 'class org.apache.ibatis.logging.log4j.Log4jImpl' adapter.
2020-04-13 18:08:05,799 103    [           main] DEBUG source.pooled.PooledDataSource  - PooledDataSource forcefully closed/removed all connections.
2020-04-13 18:08:05,799 103    [           main] DEBUG source.pooled.PooledDataSource  - PooledDataSource forcefully closed/removed all connections.
2020-04-13 18:08:05,800 104    [           main] DEBUG source.pooled.PooledDataSource  - PooledDataSource forcefully closed/removed all connections.
2020-04-13 18:08:05,800 104    [           main] DEBUG source.pooled.PooledDataSource  - PooledDataSource forcefully closed/removed all connections.
2020-04-13 18:09:14,100 0      [           main] DEBUG ache.ibatis.logging.LogFactory  - Logging initialized using 'class org.apache.ibatis.logging.log4j.Log4jImpl' adapter.
2020-04-13 18:09:14,199 99     [           main] DEBUG source.pooled.PooledDataSource  - PooledDataSource forcefully closed/removed all connections.
2020-04-13 18:09:14,199 99     [           main] DEBUG source.pooled.PooledDataSource  - PooledDataSource forcefully closed/removed all connections.
2020-04-13 18:09:14,199 99     [           main] DEBUG source.pooled.PooledDataSource  - PooledDataSource forcefully closed/removed all connections.
2020-04-13 18:09:14,199 99     [           main] DEBUG source.pooled.PooledDataSource  - PooledDataSource forcefully closed/removed all connections.
2020-04-13 18:09:45,381 0      [           main] DEBUG ache.ibatis.logging.LogFactory  - Logging initialized using 'class org.apache.ibatis.logging.log4j.Log4jImpl' adapter.
2020-04-13 18:09:45,490 109    [           main] DEBUG source.pooled.PooledDataSource  - PooledDataSource forcefully closed/removed all connections.
2020-04-13 18:09:45,490 109    [           main] DEBUG source.pooled.PooledDataSource  - PooledDataSource forcefully closed/removed all connections.
2020-04-13 18:09:45,490 109    [           main] DEBUG source.pooled.PooledDataSource  - PooledDataSource forcefully closed/removed all connections.
2020-04-13 18:09:45,490 109    [           main] DEBUG source.pooled.PooledDataSource  - PooledDataSource forcefully closed/removed all connections.
2020-04-13 18:10:08,974 0      [           main] DEBUG ache.ibatis.logging.LogFactory  - Logging initialized using 'class org.apache.ibatis.logging.log4j.Log4jImpl' adapter.
2020-04-13 18:10:09,070 96     [           main] DEBUG source.pooled.PooledDataSource  - PooledDataSource forcefully closed/removed all connections.
2020-04-13 18:10:09,070 96     [           main] DEBUG source.pooled.PooledDataSource  - PooledDataSource forcefully closed/removed all connections.
2020-04-13 18:10:09,070 96     [           main] DEBUG source.pooled.PooledDataSource  - PooledDataSource forcefully closed/removed all connections.
2020-04-13 18:10:09,071 97     [           main] DEBUG source.pooled.PooledDataSource  - PooledDataSource forcefully closed/removed all connections.
2020-04-13 18:10:09,138 164    [           main] DEBUG ansaction.jdbc.JdbcTransaction  - Opening JDBC Connection
2020-04-13 18:10:09,527 553    [           main] DEBUG source.pooled.PooledDataSource  - Created connection 222427158.
2020-04-13 18:10:09,527 553    [           main] DEBUG ansaction.jdbc.JdbcTransaction  - Setting autocommit to false on JDBC Connection [com.mysql.cj.jdbc.ConnectionImpl@d41f816]
2020-04-13 18:10:09,530 556    [           main] DEBUG m.itheima.dao.IUserDao.findAll  - ==>  Preparing: select *from user 
2020-04-13 18:10:09,603 629    [           main] DEBUG m.itheima.dao.IUserDao.findAll  - ==> Parameters: 
2020-04-13 18:10:09,679 705    [           main] DEBUG m.itheima.dao.IUserDao.findAll  - <==      Total: 6
2020-04-13 18:10:09,690 716    [           main] DEBUG ansaction.jdbc.JdbcTransaction  - Resetting autocommit to true on JDBC Connection [com.mysql.cj.jdbc.ConnectionImpl@d41f816]
2020-04-13 18:10:09,691 717    [           main] DEBUG ansaction.jdbc.JdbcTransaction  - Closing JDBC Connection [com.mysql.cj.jdbc.ConnectionImpl@d41f816]
2020-04-13 18:10:09,691 717    [           main] DEBUG source.pooled.PooledDataSource  - Returned connection 222427158 to pool.
2020-04-13 18:10:17,369 0      [           main] DEBUG ache.ibatis.logging.LogFactory  - Logging initialized using 'class org.apache.ibatis.logging.log4j.Log4jImpl' adapter.
2020-04-13 18:10:17,464 95     [           main] DEBUG source.pooled.PooledDataSource  - PooledDataSource forcefully closed/removed all connections.
2020-04-13 18:10:17,465 96     [           main] DEBUG source.pooled.PooledDataSource  - PooledDataSource forcefully closed/removed all connections.
2020-04-13 18:10:17,465 96     [           main] DEBUG source.pooled.PooledDataSource  - PooledDataSource forcefully closed/removed all connections.
2020-04-13 18:10:17,465 96     [           main] DEBUG source.pooled.PooledDataSource  - PooledDataSource forcefully closed/removed all connections.
2020-04-13 18:10:30,394 0      [           main] DEBUG ache.ibatis.logging.LogFactory  - Logging initialized using 'class org.apache.ibatis.logging.log4j.Log4jImpl' adapter.
2020-04-13 18:10:30,494 100    [           main] DEBUG source.pooled.PooledDataSource  - PooledDataSource forcefully closed/removed all connections.
2020-04-13 18:10:30,495 101    [           main] DEBUG source.pooled.PooledDataSource  - PooledDataSource forcefully closed/removed all connections.
2020-04-13 18:10:30,495 101    [           main] DEBUG source.pooled.PooledDataSource  - PooledDataSource forcefully closed/removed all connections.
2020-04-13 18:10:30,495 101    [           main] DEBUG source.pooled.PooledDataSource  - PooledDataSource forcefully closed/removed all connections.
2020-04-13 18:11:02,394 0      [           main] DEBUG ache.ibatis.logging.LogFactory  - Logging initialized using 'class org.apache.ibatis.logging.log4j.Log4jImpl' adapter.
2020-04-13 18:11:02,492 98     [           main] DEBUG source.pooled.PooledDataSource  - PooledDataSource forcefully closed/removed all connections.
2020-04-13 18:11:02,492 98     [           main] DEBUG source.pooled.PooledDataSource  - PooledDataSource forcefully closed/removed all connections.
2020-04-13 18:11:02,492 98     [           main] DEBUG source.pooled.PooledDataSource  - PooledDataSource forcefully closed/removed all connections.
2020-04-13 18:11:02,492 98     [           main] DEBUG source.pooled.PooledDataSource  - PooledDataSource forcefully closed/removed all connections.
2020-04-13 18:11:13,299 0      [           main] DEBUG ache.ibatis.logging.LogFactory  - Logging initialized using 'class org.apache.ibatis.logging.log4j.Log4jImpl' adapter.
2020-04-13 18:11:13,420 121    [           main] DEBUG source.pooled.PooledDataSource  - PooledDataSource forcefully closed/removed all connections.
2020-04-13 18:11:13,420 121    [           main] DEBUG source.pooled.PooledDataSource  - PooledDataSource forcefully closed/removed all connections.
2020-04-13 18:11:13,421 122    [           main] DEBUG source.pooled.PooledDataSource  - PooledDataSource forcefully closed/removed all connections.
2020-04-13 18:11:13,421 122    [           main] DEBUG source.pooled.PooledDataSource  - PooledDataSource forcefully closed/removed all connections.
2020-04-13 18:11:23,651 0      [           main] DEBUG ache.ibatis.logging.LogFactory  - Logging initialized using 'class org.apache.ibatis.logging.log4j.Log4jImpl' adapter.
2020-04-13 18:11:23,740 89     [           main] DEBUG source.pooled.PooledDataSource  - PooledDataSource forcefully closed/removed all connections.
2020-04-13 18:11:23,740 89     [           main] DEBUG source.pooled.PooledDataSource  - PooledDataSource forcefully closed/removed all connections.
2020-04-13 18:11:23,740 89     [           main] DEBUG source.pooled.PooledDataSource  - PooledDataSource forcefully closed/removed all connections.
2020-04-13 18:11:23,740 89     [           main] DEBUG source.pooled.PooledDataSource  - PooledDataSource forcefully closed/removed all connections.
2020-04-13 18:12:03,128 0      [           main] DEBUG ache.ibatis.logging.LogFactory  - Logging initialized using 'class org.apache.ibatis.logging.log4j.Log4jImpl' adapter.
2020-04-13 18:12:03,216 88     [           main] DEBUG source.pooled.PooledDataSource  - PooledDataSource forcefully closed/removed all connections.
2020-04-13 18:12:03,216 88     [           main] DEBUG source.pooled.PooledDataSource  - PooledDataSource forcefully closed/removed all connections.
2020-04-13 18:12:03,216 88     [           main] DEBUG source.pooled.PooledDataSource  - PooledDataSource forcefully closed/removed all connections.
2020-04-13 18:12:03,217 89     [           main] DEBUG source.pooled.PooledDataSource  - PooledDataSource forcefully closed/removed all connections.
2020-04-13 18:12:14,734 0      [           main] DEBUG ache.ibatis.logging.LogFactory  - Logging initialized using 'class org.apache.ibatis.logging.log4j.Log4jImpl' adapter.
2020-04-13 18:12:14,842 108    [           main] DEBUG source.pooled.PooledDataSource  - PooledDataSource forcefully closed/removed all connections.
2020-04-13 18:12:14,842 108    [           main] DEBUG source.pooled.PooledDataSource  - PooledDataSource forcefully closed/removed all connections.
2020-04-13 18:12:14,842 108    [           main] DEBUG source.pooled.PooledDataSource  - PooledDataSource forcefully closed/removed all connections.
2020-04-13 18:12:14,842 108    [           main] DEBUG source.pooled.PooledDataSource  - PooledDataSource forcefully closed/removed all connections.
2020-04-13 18:12:35,583 0      [           main] DEBUG ache.ibatis.logging.LogFactory  - Logging initialized using 'class org.apache.ibatis.logging.log4j.Log4jImpl' adapter.
2020-04-13 18:12:35,683 100    [           main] DEBUG source.pooled.PooledDataSource  - PooledDataSource forcefully closed/removed all connections.
2020-04-13 18:12:35,684 101    [           main] DEBUG source.pooled.PooledDataSource  - PooledDataSource forcefully closed/removed all connections.
2020-04-13 18:12:35,684 101    [           main] DEBUG source.pooled.PooledDataSource  - PooledDataSource forcefully closed/removed all connections.
2020-04-13 18:12:35,684 101    [           main] DEBUG source.pooled.PooledDataSource  - PooledDataSource forcefully closed/removed all connections.
2020-04-13 18:12:35,753 170    [           main] DEBUG ansaction.jdbc.JdbcTransaction  - Opening JDBC Connection
2020-04-13 18:12:36,169 586    [           main] DEBUG source.pooled.PooledDataSource  - Created connection 222427158.
2020-04-13 18:12:36,169 586    [           main] DEBUG ansaction.jdbc.JdbcTransaction  - Setting autocommit to false on JDBC Connection [com.mysql.cj.jdbc.ConnectionImpl@d41f816]
2020-04-13 18:12:36,173 590    [           main] DEBUG m.itheima.dao.IUserDao.findAll  - ==>  Preparing: select *from user 
2020-04-13 18:12:36,252 669    [           main] DEBUG m.itheima.dao.IUserDao.findAll  - ==> Parameters: 
2020-04-13 18:12:36,330 747    [           main] DEBUG m.itheima.dao.IUserDao.findAll  - <==      Total: 6
2020-04-13 18:12:36,339 756    [           main] DEBUG ansaction.jdbc.JdbcTransaction  - Resetting autocommit to true on JDBC Connection [com.mysql.cj.jdbc.ConnectionImpl@d41f816]
2020-04-13 18:12:36,340 757    [           main] DEBUG ansaction.jdbc.JdbcTransaction  - Closing JDBC Connection [com.mysql.cj.jdbc.ConnectionImpl@d41f816]
2020-04-13 18:12:36,341 758    [           main] DEBUG source.pooled.PooledDataSource  - Returned connection 222427158 to pool.
2020-04-13 18:13:09,828 0      [           main] DEBUG ache.ibatis.logging.LogFactory  - Logging initialized using 'class org.apache.ibatis.logging.log4j.Log4jImpl' adapter.
2020-04-13 18:13:09,930 102    [           main] DEBUG source.pooled.PooledDataSource  - PooledDataSource forcefully closed/removed all connections.
2020-04-13 18:13:09,930 102    [           main] DEBUG source.pooled.PooledDataSource  - PooledDataSource forcefully closed/removed all connections.
2020-04-13 18:13:09,930 102    [           main] DEBUG source.pooled.PooledDataSource  - PooledDataSource forcefully closed/removed all connections.
2020-04-13 18:13:09,930 102    [           main] DEBUG source.pooled.PooledDataSource  - PooledDataSource forcefully closed/removed all connections.
2020-04-13 18:13:56,235 0      [           main] DEBUG ache.ibatis.logging.LogFactory  - Logging initialized using 'class org.apache.ibatis.logging.log4j.Log4jImpl' adapter.
2020-04-13 18:13:56,329 94     [           main] DEBUG source.pooled.PooledDataSource  - PooledDataSource forcefully closed/removed all connections.
2020-04-13 18:13:56,329 94     [           main] DEBUG source.pooled.PooledDataSource  - PooledDataSource forcefully closed/removed all connections.
2020-04-13 18:13:56,329 94     [           main] DEBUG source.pooled.PooledDataSource  - PooledDataSource forcefully closed/removed all connections.
2020-04-13 18:13:56,329 94     [           main] DEBUG source.pooled.PooledDataSource  - PooledDataSource forcefully closed/removed all connections.
2020-04-13 18:14:41,577 0      [           main] DEBUG ache.ibatis.logging.LogFactory  - Logging initialized using 'class org.apache.ibatis.logging.log4j.Log4jImpl' adapter.
2020-04-13 18:14:41,739 162    [           main] DEBUG source.pooled.PooledDataSource  - PooledDataSource forcefully closed/removed all connections.
2020-04-13 18:14:41,739 162    [           main] DEBUG source.pooled.PooledDataSource  - PooledDataSource forcefully closed/removed all connections.
2020-04-13 18:14:41,740 163    [           main] DEBUG source.pooled.PooledDataSource  - PooledDataSource forcefully closed/removed all connections.
2020-04-13 18:14:41,740 163    [           main] DEBUG source.pooled.PooledDataSource  - PooledDataSource forcefully closed/removed all connections.
2020-04-13 18:15:11,975 0      [           main] DEBUG ache.ibatis.logging.LogFactory  - Logging initialized using 'class org.apache.ibatis.logging.log4j.Log4jImpl' adapter.
2020-04-13 18:15:12,072 97     [           main] DEBUG source.pooled.PooledDataSource  - PooledDataSource forcefully closed/removed all connections.
2020-04-13 18:15:12,072 97     [           main] DEBUG source.pooled.PooledDataSource  - PooledDataSource forcefully closed/removed all connections.
2020-04-13 18:15:12,072 97     [           main] DEBUG source.pooled.PooledDataSource  - PooledDataSource forcefully closed/removed all connections.
2020-04-13 18:15:12,073 98     [           main] DEBUG source.pooled.PooledDataSource  - PooledDataSource forcefully closed/removed all connections.
2020-04-13 18:15:30,620 0      [           main] DEBUG ache.ibatis.logging.LogFactory  - Logging initialized using 'class org.apache.ibatis.logging.log4j.Log4jImpl' adapter.
2020-04-13 18:15:30,709 89     [           main] DEBUG source.pooled.PooledDataSource  - PooledDataSource forcefully closed/removed all connections.
2020-04-13 18:15:30,709 89     [           main] DEBUG source.pooled.PooledDataSource  - PooledDataSource forcefully closed/removed all connections.
2020-04-13 18:15:30,709 89     [           main] DEBUG source.pooled.PooledDataSource  - PooledDataSource forcefully closed/removed all connections.
2020-04-13 18:15:30,709 89     [           main] DEBUG source.pooled.PooledDataSource  - PooledDataSource forcefully closed/removed all connections.
2020-04-13 18:15:30,743 123    [           main] DEBUG ansaction.jdbc.JdbcTransaction  - Opening JDBC Connection
2020-04-13 18:15:31,195 575    [           main] DEBUG source.pooled.PooledDataSource  - Created connection 807328355.
2020-04-13 18:15:31,196 576    [           main] DEBUG ansaction.jdbc.JdbcTransaction  - Setting autocommit to false on JDBC Connection [com.mysql.cj.jdbc.ConnectionImpl@301eda63]
2020-04-13 18:15:31,198 578    [           main] DEBUG m.itheima.dao.IUserDao.findAll  - ==>  Preparing: select * from user 
2020-04-13 18:15:31,317 697    [           main] DEBUG m.itheima.dao.IUserDao.findAll  - ==> Parameters: 
2020-04-13 18:15:31,381 761    [           main] DEBUG m.itheima.dao.IUserDao.findAll  - <==      Total: 6
2020-04-13 18:15:31,391 771    [           main] DEBUG ansaction.jdbc.JdbcTransaction  - Resetting autocommit to true on JDBC Connection [com.mysql.cj.jdbc.ConnectionImpl@301eda63]
2020-04-13 18:15:31,393 773    [           main] DEBUG ansaction.jdbc.JdbcTransaction  - Closing JDBC Connection [com.mysql.cj.jdbc.ConnectionImpl@301eda63]
2020-04-13 18:15:31,393 773    [           main] DEBUG source.pooled.PooledDataSource  - Returned connection 807328355 to pool.
2020-04-13 18:15:44,235 1      [           main] DEBUG ache.ibatis.logging.LogFactory  - Logging initialized using 'class org.apache.ibatis.logging.log4j.Log4jImpl' adapter.
2020-04-13 18:15:44,341 107    [           main] DEBUG source.pooled.PooledDataSource  - PooledDataSource forcefully closed/removed all connections.
2020-04-13 18:15:44,341 107    [           main] DEBUG source.pooled.PooledDataSource  - PooledDataSource forcefully closed/removed all connections.
2020-04-13 18:15:44,342 108    [           main] DEBUG source.pooled.PooledDataSource  - PooledDataSource forcefully closed/removed all connections.
2020-04-13 18:15:44,342 108    [           main] DEBUG source.pooled.PooledDataSource  - PooledDataSource forcefully closed/removed all connections.
2020-04-13 18:15:49,833 0      [           main] DEBUG ache.ibatis.logging.LogFactory  - Logging initialized using 'class org.apache.ibatis.logging.log4j.Log4jImpl' adapter.
2020-04-13 18:15:49,941 108    [           main] DEBUG source.pooled.PooledDataSource  - PooledDataSource forcefully closed/removed all connections.
2020-04-13 18:15:49,941 108    [           main] DEBUG source.pooled.PooledDataSource  - PooledDataSource forcefully closed/removed all connections.
2020-04-13 18:15:49,941 108    [           main] DEBUG source.pooled.PooledDataSource  - PooledDataSource forcefully closed/removed all connections.
2020-04-13 18:15:49,941 108    [           main] DEBUG source.pooled.PooledDataSource  - PooledDataSource forcefully closed/removed all connections.
2020-04-13 18:15:49,976 143    [           main] DEBUG ansaction.jdbc.JdbcTransaction  - Opening JDBC Connection
2020-04-13 18:15:50,432 599    [           main] DEBUG source.pooled.PooledDataSource  - Created connection 807328355.
2020-04-13 18:15:50,432 599    [           main] DEBUG ansaction.jdbc.JdbcTransaction  - Setting autocommit to false on JDBC Connection [com.mysql.cj.jdbc.ConnectionImpl@301eda63]
2020-04-13 18:15:50,435 602    [           main] DEBUG m.itheima.dao.IUserDao.findAll  - ==>  Preparing: select * from user 
2020-04-13 18:15:50,531 698    [           main] DEBUG m.itheima.dao.IUserDao.findAll  - ==> Parameters: 
2020-04-13 18:15:50,613 780    [           main] DEBUG m.itheima.dao.IUserDao.findAll  - <==      Total: 6
2020-04-13 18:15:50,627 794    [           main] DEBUG ansaction.jdbc.JdbcTransaction  - Resetting autocommit to true on JDBC Connection [com.mysql.cj.jdbc.ConnectionImpl@301eda63]
2020-04-13 18:15:50,628 795    [           main] DEBUG ansaction.jdbc.JdbcTransaction  - Closing JDBC Connection [com.mysql.cj.jdbc.ConnectionImpl@301eda63]
2020-04-13 18:15:50,629 796    [           main] DEBUG source.pooled.PooledDataSource  - Returned connection 807328355 to pool.
2020-04-13 18:16:30,786 0      [           main] DEBUG ache.ibatis.logging.LogFactory  - Logging initialized using 'class org.apache.ibatis.logging.log4j.Log4jImpl' adapter.
2020-04-13 18:16:30,889 103    [           main] DEBUG source.pooled.PooledDataSource  - PooledDataSource forcefully closed/removed all connections.
2020-04-13 18:16:30,889 103    [           main] DEBUG source.pooled.PooledDataSource  - PooledDataSource forcefully closed/removed all connections.
2020-04-13 18:16:30,889 103    [           main] DEBUG source.pooled.PooledDataSource  - PooledDataSource forcefully closed/removed all connections.
2020-04-13 18:16:30,889 103    [           main] DEBUG source.pooled.PooledDataSource  - PooledDataSource forcefully closed/removed all connections.
2020-04-13 18:16:30,926 140    [           main] DEBUG ansaction.jdbc.JdbcTransaction  - Opening JDBC Connection
2020-04-13 18:16:31,350 564    [           main] DEBUG source.pooled.PooledDataSource  - Created connection 807328355.
2020-04-13 18:16:31,350 564    [           main] DEBUG ansaction.jdbc.JdbcTransaction  - Setting autocommit to false on JDBC Connection [com.mysql.cj.jdbc.ConnectionImpl@301eda63]
2020-04-13 18:16:31,355 569    [           main] DEBUG m.itheima.dao.IUserDao.findAll  - ==>  Preparing: select * from user 
2020-04-13 18:16:31,449 663    [           main] DEBUG m.itheima.dao.IUserDao.findAll  - ==> Parameters: 
2020-04-13 18:16:31,519 733    [           main] DEBUG m.itheima.dao.IUserDao.findAll  - <==      Total: 6
2020-04-13 18:16:31,528 742    [           main] DEBUG ansaction.jdbc.JdbcTransaction  - Resetting autocommit to true on JDBC Connection [com.mysql.cj.jdbc.ConnectionImpl@301eda63]
2020-04-13 18:16:31,528 742    [           main] DEBUG ansaction.jdbc.JdbcTransaction  - Closing JDBC Connection [com.mysql.cj.jdbc.ConnectionImpl@301eda63]
2020-04-13 18:16:31,529 743    [           main] DEBUG source.pooled.PooledDataSource  - Returned connection 807328355 to pool.
2020-04-13 23:41:33,049 0      [           main] DEBUG ache.ibatis.logging.LogFactory  - Logging initialized using 'class org.apache.ibatis.logging.log4j.Log4jImpl' adapter.
2020-04-13 23:41:33,177 128    [           main] DEBUG source.pooled.PooledDataSource  - PooledDataSource forcefully closed/removed all connections.
2020-04-13 23:41:33,177 128    [           main] DEBUG source.pooled.PooledDataSource  - PooledDataSource forcefully closed/removed all connections.
2020-04-13 23:41:33,178 129    [           main] DEBUG source.pooled.PooledDataSource  - PooledDataSource forcefully closed/removed all connections.
2020-04-13 23:41:33,178 129    [           main] DEBUG source.pooled.PooledDataSource  - PooledDataSource forcefully closed/removed all connections.
2020-04-13 23:41:33,219 170    [           main] DEBUG ansaction.jdbc.JdbcTransaction  - Opening JDBC Connection
2020-04-13 23:41:33,926 877    [           main] DEBUG source.pooled.PooledDataSource  - Created connection 807328355.
2020-04-13 23:41:33,926 877    [           main] DEBUG ansaction.jdbc.JdbcTransaction  - Setting autocommit to false on JDBC Connection [com.mysql.cj.jdbc.ConnectionImpl@301eda63]
2020-04-13 23:41:33,929 880    [           main] DEBUG m.itheima.dao.IUserDao.findAll  - ==>  Preparing: select * from user 
2020-04-13 23:41:34,003 954    [           main] DEBUG m.itheima.dao.IUserDao.findAll  - ==> Parameters: 
2020-04-13 23:41:34,067 1018   [           main] DEBUG m.itheima.dao.IUserDao.findAll  - <==      Total: 6
2020-04-13 23:41:34,070 1021   [           main] DEBUG ansaction.jdbc.JdbcTransaction  - Resetting autocommit to true on JDBC Connection [com.mysql.cj.jdbc.ConnectionImpl@301eda63]
2020-04-13 23:41:34,071 1022   [           main] DEBUG ansaction.jdbc.JdbcTransaction  - Closing JDBC Connection [com.mysql.cj.jdbc.ConnectionImpl@301eda63]
2020-04-13 23:41:34,071 1022   [           main] DEBUG source.pooled.PooledDataSource  - Returned connection 807328355 to pool.
2020-04-13 23:53:23,805 0      [           main] DEBUG ache.ibatis.logging.LogFactory  - Logging initialized using 'class org.apache.ibatis.logging.log4j.Log4jImpl' adapter.
2020-04-13 23:53:23,903 98     [           main] DEBUG source.pooled.PooledDataSource  - PooledDataSource forcefully closed/removed all connections.
2020-04-13 23:53:23,903 98     [           main] DEBUG source.pooled.PooledDataSource  - PooledDataSource forcefully closed/removed all connections.
2020-04-13 23:53:23,903 98     [           main] DEBUG source.pooled.PooledDataSource  - PooledDataSource forcefully closed/removed all connections.
2020-04-13 23:53:23,903 98     [           main] DEBUG source.pooled.PooledDataSource  - PooledDataSource forcefully closed/removed all connections.
2020-04-13 23:53:23,935 130    [           main] DEBUG ansaction.jdbc.JdbcTransaction  - Opening JDBC Connection
2020-04-13 23:53:24,414 609    [           main] DEBUG source.pooled.PooledDataSource  - Created connection 807328355.
2020-04-13 23:53:24,415 610    [           main] DEBUG ansaction.jdbc.JdbcTransaction  - Setting autocommit to false on JDBC Connection [com.mysql.cj.jdbc.ConnectionImpl@301eda63]
2020-04-13 23:53:24,417 612    [           main] DEBUG m.itheima.dao.IUserDao.findAll  - ==>  Preparing: select * from user 
2020-04-13 23:53:24,531 726    [           main] DEBUG m.itheima.dao.IUserDao.findAll  - ==> Parameters: 
2020-04-13 23:53:24,611 806    [           main] DEBUG m.itheima.dao.IUserDao.findAll  - <==      Total: 6
2020-04-13 23:53:24,629 824    [           main] DEBUG ansaction.jdbc.JdbcTransaction  - Resetting autocommit to true on JDBC Connection [com.mysql.cj.jdbc.ConnectionImpl@301eda63]
2020-04-13 23:53:24,640 835    [           main] DEBUG ansaction.jdbc.JdbcTransaction  - Closing JDBC Connection [com.mysql.cj.jdbc.ConnectionImpl@301eda63]
2020-04-13 23:53:24,640 835    [           main] DEBUG source.pooled.PooledDataSource  - Returned connection 807328355 to pool.
2020-04-13 23:53:30,607 0      [           main] DEBUG ache.ibatis.logging.LogFactory  - Logging initialized using 'class org.apache.ibatis.logging.log4j.Log4jImpl' adapter.
2020-04-13 23:53:30,702 95     [           main] DEBUG source.pooled.PooledDataSource  - PooledDataSource forcefully closed/removed all connections.
2020-04-13 23:53:30,702 95     [           main] DEBUG source.pooled.PooledDataSource  - PooledDataSource forcefully closed/removed all connections.
2020-04-13 23:53:30,702 95     [           main] DEBUG source.pooled.PooledDataSource  - PooledDataSource forcefully closed/removed all connections.
2020-04-13 23:53:30,703 96     [           main] DEBUG source.pooled.PooledDataSource  - PooledDataSource forcefully closed/removed all connections.
2020-04-13 23:53:30,737 130    [           main] DEBUG ansaction.jdbc.JdbcTransaction  - Opening JDBC Connection
2020-04-13 23:53:31,150 543    [           main] DEBUG source.pooled.PooledDataSource  - Created connection 807328355.
2020-04-13 23:53:31,150 543    [           main] DEBUG ansaction.jdbc.JdbcTransaction  - Setting autocommit to false on JDBC Connection [com.mysql.cj.jdbc.ConnectionImpl@301eda63]
2020-04-13 23:53:31,153 546    [           main] DEBUG m.itheima.dao.IUserDao.findAll  - ==>  Preparing: select * from user 
2020-04-13 23:53:31,236 629    [           main] DEBUG m.itheima.dao.IUserDao.findAll  - ==> Parameters: 
2020-04-13 23:53:31,301 694    [           main] DEBUG m.itheima.dao.IUserDao.findAll  - <==      Total: 6
2020-04-13 23:53:31,311 704    [           main] DEBUG ansaction.jdbc.JdbcTransaction  - Resetting autocommit to true on JDBC Connection [com.mysql.cj.jdbc.ConnectionImpl@301eda63]
2020-04-13 23:53:31,312 705    [           main] DEBUG ansaction.jdbc.JdbcTransaction  - Closing JDBC Connection [com.mysql.cj.jdbc.ConnectionImpl@301eda63]
2020-04-13 23:53:31,312 705    [           main] DEBUG source.pooled.PooledDataSource  - Returned connection 807328355 to pool.
2020-04-13 23:53:43,356 0      [           main] DEBUG ache.ibatis.logging.LogFactory  - Logging initialized using 'class org.apache.ibatis.logging.log4j.Log4jImpl' adapter.
2020-04-13 23:53:43,473 117    [           main] DEBUG source.pooled.PooledDataSource  - PooledDataSource forcefully closed/removed all connections.
2020-04-13 23:53:43,473 117    [           main] DEBUG source.pooled.PooledDataSource  - PooledDataSource forcefully closed/removed all connections.
2020-04-13 23:53:43,473 117    [           main] DEBUG source.pooled.PooledDataSource  - PooledDataSource forcefully closed/removed all connections.
2020-04-13 23:53:43,473 117    [           main] DEBUG source.pooled.PooledDataSource  - PooledDataSource forcefully closed/removed all connections.
2020-04-13 23:53:52,305 0      [           main] DEBUG ache.ibatis.logging.LogFactory  - Logging initialized using 'class org.apache.ibatis.logging.log4j.Log4jImpl' adapter.
2020-04-13 23:53:52,413 108    [           main] DEBUG source.pooled.PooledDataSource  - PooledDataSource forcefully closed/removed all connections.
2020-04-13 23:53:52,414 109    [           main] DEBUG source.pooled.PooledDataSource  - PooledDataSource forcefully closed/removed all connections.
2020-04-13 23:53:52,414 109    [           main] DEBUG source.pooled.PooledDataSource  - PooledDataSource forcefully closed/removed all connections.
2020-04-13 23:53:52,414 109    [           main] DEBUG source.pooled.PooledDataSource  - PooledDataSource forcefully closed/removed all connections.
2020-04-13 23:54:02,122 0      [           main] DEBUG ache.ibatis.logging.LogFactory  - Logging initialized using 'class org.apache.ibatis.logging.log4j.Log4jImpl' adapter.
2020-04-13 23:54:02,240 118    [           main] DEBUG source.pooled.PooledDataSource  - PooledDataSource forcefully closed/removed all connections.
2020-04-13 23:54:02,240 118    [           main] DEBUG source.pooled.PooledDataSource  - PooledDataSource forcefully closed/removed all connections.
2020-04-13 23:54:02,241 119    [           main] DEBUG source.pooled.PooledDataSource  - PooledDataSource forcefully closed/removed all connections.
2020-04-13 23:54:02,241 119    [           main] DEBUG source.pooled.PooledDataSource  - PooledDataSource forcefully closed/removed all connections.
2020-04-13 23:54:02,318 196    [           main] DEBUG ansaction.jdbc.JdbcTransaction  - Opening JDBC Connection
2020-04-13 23:54:02,718 596    [           main] DEBUG source.pooled.PooledDataSource  - Created connection 2130357594.
2020-04-13 23:54:02,719 597    [           main] DEBUG ansaction.jdbc.JdbcTransaction  - Setting autocommit to false on JDBC Connection [com.mysql.cj.jdbc.ConnectionImpl@7efaad5a]
2020-04-13 23:54:02,722 600    [           main] DEBUG m.itheima.dao.IUserDao.findAll  - ==>  Preparing: select * from user 
2020-04-13 23:54:02,807 685    [           main] DEBUG m.itheima.dao.IUserDao.findAll  - ==> Parameters: 
2020-04-13 23:54:02,891 769    [           main] DEBUG m.itheima.dao.IUserDao.findAll  - <==      Total: 6
2020-04-13 23:54:02,904 782    [           main] DEBUG ansaction.jdbc.JdbcTransaction  - Resetting autocommit to true on JDBC Connection [com.mysql.cj.jdbc.ConnectionImpl@7efaad5a]
2020-04-13 23:54:02,905 783    [           main] DEBUG ansaction.jdbc.JdbcTransaction  - Closing JDBC Connection [com.mysql.cj.jdbc.ConnectionImpl@7efaad5a]
2020-04-13 23:54:02,905 783    [           main] DEBUG source.pooled.PooledDataSource  - Returned connection 2130357594 to pool.
