2021-04-08 18:25:10,282 0      [           main] DEBUG ache.ibatis.logging.LogFactory  - Logging initialized using 'class org.apache.ibatis.logging.log4j.Log4jImpl' adapter.
2021-04-08 18:25:10,402 120    [           main] DEBUG source.pooled.PooledDataSource  - PooledDataSource forcefully closed/removed all connections.
2021-04-08 18:25:10,402 120    [           main] DEBUG source.pooled.PooledDataSource  - PooledDataSource forcefully closed/removed all connections.
2021-04-08 18:25:10,402 120    [           main] DEBUG source.pooled.PooledDataSource  - PooledDataSource forcefully closed/removed all connections.
2021-04-08 18:25:10,402 120    [           main] DEBUG source.pooled.PooledDataSource  - PooledDataSource forcefully closed/removed all connections.
2021-04-08 18:25:23,101 0      [           main] DEBUG ache.ibatis.logging.LogFactory  - Logging initialized using 'class org.apache.ibatis.logging.log4j.Log4jImpl' adapter.
2021-04-08 18:25:23,212 111    [           main] DEBUG source.pooled.PooledDataSource  - PooledDataSource forcefully closed/removed all connections.
2021-04-08 18:25:23,212 111    [           main] DEBUG source.pooled.PooledDataSource  - PooledDataSource forcefully closed/removed all connections.
2021-04-08 18:25:23,212 111    [           main] DEBUG source.pooled.PooledDataSource  - PooledDataSource forcefully closed/removed all connections.
2021-04-08 18:25:23,213 112    [           main] DEBUG source.pooled.PooledDataSource  - PooledDataSource forcefully closed/removed all connections.
2021-04-08 18:25:53,611 0      [           main] DEBUG ache.ibatis.logging.LogFactory  - Logging initialized using 'class org.apache.ibatis.logging.log4j.Log4jImpl' adapter.
2021-04-08 18:25:53,705 94     [           main] DEBUG source.pooled.PooledDataSource  - PooledDataSource forcefully closed/removed all connections.
2021-04-08 18:25:53,705 94     [           main] DEBUG source.pooled.PooledDataSource  - PooledDataSource forcefully closed/removed all connections.
2021-04-08 18:25:53,705 94     [           main] DEBUG source.pooled.PooledDataSource  - PooledDataSource forcefully closed/removed all connections.
2021-04-08 18:25:53,705 94     [           main] DEBUG source.pooled.PooledDataSource  - PooledDataSource forcefully closed/removed all connections.
2021-04-08 18:25:53,778 167    [           main] DEBUG ansaction.jdbc.JdbcTransaction  - Opening JDBC Connection
2021-04-08 18:25:54,345 734    [           main] DEBUG source.pooled.PooledDataSource  - Created connection 1545827753.
2021-04-08 18:25:54,345 734    [           main] DEBUG ansaction.jdbc.JdbcTransaction  - Setting autocommit to false on JDBC Connection [com.mysql.cj.jdbc.ConnectionImpl@5c2375a9]
2021-04-08 18:25:54,348 737    [           main] DEBUG m.xiaobao.dao.IUserDao.findAll  - ==>  Preparing: select * from user 
2021-04-08 18:25:54,431 820    [           main] DEBUG m.xiaobao.dao.IUserDao.findAll  - ==> Parameters: 
2021-04-08 18:25:54,480 869    [           main] DEBUG m.xiaobao.dao.IUserDao.findAll  - <==      Total: 10
2021-04-08 18:25:54,484 873    [           main] DEBUG ansaction.jdbc.JdbcTransaction  - Resetting autocommit to true on JDBC Connection [com.mysql.cj.jdbc.ConnectionImpl@5c2375a9]
2021-04-08 18:25:54,487 876    [           main] DEBUG ansaction.jdbc.JdbcTransaction  - Closing JDBC Connection [com.mysql.cj.jdbc.ConnectionImpl@5c2375a9]
2021-04-08 18:25:54,487 876    [           main] DEBUG source.pooled.PooledDataSource  - Returned connection 1545827753 to pool.
2021-04-08 18:26:18,014 0      [           main] DEBUG ache.ibatis.logging.LogFactory  - Logging initialized using 'class org.apache.ibatis.logging.log4j.Log4jImpl' adapter.
2021-04-08 18:26:18,124 110    [           main] DEBUG source.pooled.PooledDataSource  - PooledDataSource forcefully closed/removed all connections.
2021-04-08 18:26:18,125 111    [           main] DEBUG source.pooled.PooledDataSource  - PooledDataSource forcefully closed/removed all connections.
2021-04-08 18:26:18,125 111    [           main] DEBUG source.pooled.PooledDataSource  - PooledDataSource forcefully closed/removed all connections.
2021-04-08 18:26:18,125 111    [           main] DEBUG source.pooled.PooledDataSource  - PooledDataSource forcefully closed/removed all connections.
2021-04-08 18:26:18,199 185    [           main] DEBUG ansaction.jdbc.JdbcTransaction  - Opening JDBC Connection
2021-04-08 18:26:18,657 643    [           main] DEBUG source.pooled.PooledDataSource  - Created connection 1545827753.
2021-04-08 18:26:18,658 644    [           main] DEBUG ansaction.jdbc.JdbcTransaction  - Setting autocommit to false on JDBC Connection [com.mysql.cj.jdbc.ConnectionImpl@5c2375a9]
2021-04-08 18:26:18,660 646    [           main] DEBUG m.xiaobao.dao.IUserDao.findAll  - ==>  Preparing: select * from user 
2021-04-08 18:26:18,736 722    [           main] DEBUG m.xiaobao.dao.IUserDao.findAll  - ==> Parameters: 
2021-04-08 18:26:18,815 801    [           main] DEBUG m.xiaobao.dao.IUserDao.findAll  - <==      Total: 10
2021-04-08 18:26:18,821 807    [           main] DEBUG ansaction.jdbc.JdbcTransaction  - Resetting autocommit to true on JDBC Connection [com.mysql.cj.jdbc.ConnectionImpl@5c2375a9]
2021-04-08 18:26:18,822 808    [           main] DEBUG ansaction.jdbc.JdbcTransaction  - Closing JDBC Connection [com.mysql.cj.jdbc.ConnectionImpl@5c2375a9]
2021-04-08 18:26:18,823 809    [           main] DEBUG source.pooled.PooledDataSource  - Returned connection 1545827753 to pool.
2021-04-08 18:26:57,881 0      [           main] DEBUG ache.ibatis.logging.LogFactory  - Logging initialized using 'class org.apache.ibatis.logging.log4j.Log4jImpl' adapter.
2021-04-08 18:26:57,995 114    [           main] DEBUG source.pooled.PooledDataSource  - PooledDataSource forcefully closed/removed all connections.
2021-04-08 18:26:57,995 114    [           main] DEBUG source.pooled.PooledDataSource  - PooledDataSource forcefully closed/removed all connections.
2021-04-08 18:26:57,995 114    [           main] DEBUG source.pooled.PooledDataSource  - PooledDataSource forcefully closed/removed all connections.
2021-04-08 18:26:57,995 114    [           main] DEBUG source.pooled.PooledDataSource  - PooledDataSource forcefully closed/removed all connections.
2021-04-08 18:26:58,080 199    [           main] DEBUG ansaction.jdbc.JdbcTransaction  - Opening JDBC Connection
2021-04-08 18:27:43,687 0      [           main] DEBUG ache.ibatis.logging.LogFactory  - Logging initialized using 'class org.apache.ibatis.logging.log4j.Log4jImpl' adapter.
2021-04-08 18:27:43,782 95     [           main] DEBUG source.pooled.PooledDataSource  - PooledDataSource forcefully closed/removed all connections.
2021-04-08 18:27:43,782 95     [           main] DEBUG source.pooled.PooledDataSource  - PooledDataSource forcefully closed/removed all connections.
2021-04-08 18:27:43,782 95     [           main] DEBUG source.pooled.PooledDataSource  - PooledDataSource forcefully closed/removed all connections.
2021-04-08 18:27:43,782 95     [           main] DEBUG source.pooled.PooledDataSource  - PooledDataSource forcefully closed/removed all connections.
2021-04-08 18:27:43,856 169    [           main] DEBUG ansaction.jdbc.JdbcTransaction  - Opening JDBC Connection
2021-04-08 18:27:44,376 689    [           main] DEBUG source.pooled.PooledDataSource  - Created connection 1545827753.
2021-04-08 18:27:44,377 690    [           main] DEBUG ansaction.jdbc.JdbcTransaction  - Setting autocommit to false on JDBC Connection [com.mysql.cj.jdbc.ConnectionImpl@5c2375a9]
2021-04-08 18:27:44,379 692    [           main] DEBUG m.xiaobao.dao.IUserDao.findAll  - ==>  Preparing: select * from user 
2021-04-08 18:27:44,454 767    [           main] DEBUG m.xiaobao.dao.IUserDao.findAll  - ==> Parameters: 
2021-04-08 18:27:44,529 842    [           main] DEBUG m.xiaobao.dao.IUserDao.findAll  - <==      Total: 10
2021-04-08 18:27:44,534 847    [           main] DEBUG ansaction.jdbc.JdbcTransaction  - Resetting autocommit to true on JDBC Connection [com.mysql.cj.jdbc.ConnectionImpl@5c2375a9]
2021-04-08 18:27:44,535 848    [           main] DEBUG ansaction.jdbc.JdbcTransaction  - Closing JDBC Connection [com.mysql.cj.jdbc.ConnectionImpl@5c2375a9]
2021-04-08 18:27:44,535 848    [           main] DEBUG source.pooled.PooledDataSource  - Returned connection 1545827753 to pool.
2021-04-08 18:28:07,368 0      [           main] DEBUG ache.ibatis.logging.LogFactory  - Logging initialized using 'class org.apache.ibatis.logging.log4j.Log4jImpl' adapter.
2021-04-08 18:28:07,470 102    [           main] DEBUG source.pooled.PooledDataSource  - PooledDataSource forcefully closed/removed all connections.
2021-04-08 18:28:07,470 102    [           main] DEBUG source.pooled.PooledDataSource  - PooledDataSource forcefully closed/removed all connections.
2021-04-08 18:28:07,470 102    [           main] DEBUG source.pooled.PooledDataSource  - PooledDataSource forcefully closed/removed all connections.
2021-04-08 18:28:07,470 102    [           main] DEBUG source.pooled.PooledDataSource  - PooledDataSource forcefully closed/removed all connections.
2021-04-08 18:28:07,537 169    [           main] DEBUG ansaction.jdbc.JdbcTransaction  - Opening JDBC Connection
2021-04-08 18:28:23,892 0      [           main] DEBUG ache.ibatis.logging.LogFactory  - Logging initialized using 'class org.apache.ibatis.logging.log4j.Log4jImpl' adapter.
2021-04-08 18:28:23,986 94     [           main] DEBUG source.pooled.PooledDataSource  - PooledDataSource forcefully closed/removed all connections.
2021-04-08 18:28:23,986 94     [           main] DEBUG source.pooled.PooledDataSource  - PooledDataSource forcefully closed/removed all connections.
2021-04-08 18:28:23,987 95     [           main] DEBUG source.pooled.PooledDataSource  - PooledDataSource forcefully closed/removed all connections.
2021-04-08 18:28:23,987 95     [           main] DEBUG source.pooled.PooledDataSource  - PooledDataSource forcefully closed/removed all connections.
2021-04-08 18:28:24,061 169    [           main] DEBUG ansaction.jdbc.JdbcTransaction  - Opening JDBC Connection
2021-04-08 18:28:24,620 728    [           main] DEBUG source.pooled.PooledDataSource  - Created connection 1545827753.
2021-04-08 18:28:24,621 729    [           main] DEBUG ansaction.jdbc.JdbcTransaction  - Setting autocommit to false on JDBC Connection [com.mysql.cj.jdbc.ConnectionImpl@5c2375a9]
2021-04-08 18:28:24,623 731    [           main] DEBUG m.xiaobao.dao.IUserDao.findAll  - ==>  Preparing: select * from user 
2021-04-08 18:28:24,729 837    [           main] DEBUG m.xiaobao.dao.IUserDao.findAll  - ==> Parameters: 
2021-04-08 18:28:24,795 903    [           main] DEBUG m.xiaobao.dao.IUserDao.findAll  - <==      Total: 10
2021-04-08 18:28:24,799 907    [           main] DEBUG ansaction.jdbc.JdbcTransaction  - Resetting autocommit to true on JDBC Connection [com.mysql.cj.jdbc.ConnectionImpl@5c2375a9]
2021-04-08 18:28:24,800 908    [           main] DEBUG ansaction.jdbc.JdbcTransaction  - Closing JDBC Connection [com.mysql.cj.jdbc.ConnectionImpl@5c2375a9]
2021-04-08 18:28:24,800 908    [           main] DEBUG source.pooled.PooledDataSource  - Returned connection 1545827753 to pool.
2021-04-08 18:29:08,988 0      [           main] DEBUG ache.ibatis.logging.LogFactory  - Logging initialized using 'class org.apache.ibatis.logging.log4j.Log4jImpl' adapter.
2021-04-08 18:29:09,094 106    [           main] DEBUG source.pooled.PooledDataSource  - PooledDataSource forcefully closed/removed all connections.
2021-04-08 18:29:09,095 107    [           main] DEBUG source.pooled.PooledDataSource  - PooledDataSource forcefully closed/removed all connections.
2021-04-08 18:29:09,095 107    [           main] DEBUG source.pooled.PooledDataSource  - PooledDataSource forcefully closed/removed all connections.
2021-04-08 18:29:09,095 107    [           main] DEBUG source.pooled.PooledDataSource  - PooledDataSource forcefully closed/removed all connections.
2021-04-08 18:29:09,165 177    [           main] DEBUG ansaction.jdbc.JdbcTransaction  - Opening JDBC Connection
2021-04-08 18:29:09,682 694    [           main] DEBUG source.pooled.PooledDataSource  - Created connection 1545827753.
2021-04-08 18:29:09,683 695    [           main] DEBUG ansaction.jdbc.JdbcTransaction  - Setting autocommit to false on JDBC Connection [com.mysql.cj.jdbc.ConnectionImpl@5c2375a9]
2021-04-08 18:29:09,685 697    [           main] DEBUG m.xiaobao.dao.IUserDao.findAll  - ==>  Preparing: select * from user 
2021-04-08 18:29:09,757 769    [           main] DEBUG m.xiaobao.dao.IUserDao.findAll  - ==> Parameters: 
2021-04-08 18:29:09,854 866    [           main] DEBUG m.xiaobao.dao.IUserDao.findAll  - <==      Total: 10
2021-04-08 18:29:09,858 870    [           main] DEBUG ansaction.jdbc.JdbcTransaction  - Resetting autocommit to true on JDBC Connection [com.mysql.cj.jdbc.ConnectionImpl@5c2375a9]
2021-04-08 18:29:09,858 870    [           main] DEBUG ansaction.jdbc.JdbcTransaction  - Closing JDBC Connection [com.mysql.cj.jdbc.ConnectionImpl@5c2375a9]
2021-04-08 18:29:09,859 871    [           main] DEBUG source.pooled.PooledDataSource  - Returned connection 1545827753 to pool.
2021-04-08 18:29:20,345 0      [           main] DEBUG ache.ibatis.logging.LogFactory  - Logging initialized using 'class org.apache.ibatis.logging.log4j.Log4jImpl' adapter.
2021-04-08 18:29:20,441 96     [           main] DEBUG source.pooled.PooledDataSource  - PooledDataSource forcefully closed/removed all connections.
2021-04-08 18:29:20,442 97     [           main] DEBUG source.pooled.PooledDataSource  - PooledDataSource forcefully closed/removed all connections.
2021-04-08 18:29:20,442 97     [           main] DEBUG source.pooled.PooledDataSource  - PooledDataSource forcefully closed/removed all connections.
2021-04-08 18:29:20,442 97     [           main] DEBUG source.pooled.PooledDataSource  - PooledDataSource forcefully closed/removed all connections.
2021-04-08 18:29:20,519 174    [           main] DEBUG ansaction.jdbc.JdbcTransaction  - Opening JDBC Connection
2021-04-08 18:30:24,740 0      [           main] DEBUG ache.ibatis.logging.LogFactory  - Logging initialized using 'class org.apache.ibatis.logging.log4j.Log4jImpl' adapter.
2021-04-08 18:30:24,827 87     [           main] DEBUG source.pooled.PooledDataSource  - PooledDataSource forcefully closed/removed all connections.
2021-04-08 18:30:24,827 87     [           main] DEBUG source.pooled.PooledDataSource  - PooledDataSource forcefully closed/removed all connections.
2021-04-08 18:30:24,827 87     [           main] DEBUG source.pooled.PooledDataSource  - PooledDataSource forcefully closed/removed all connections.
2021-04-08 18:30:24,827 87     [           main] DEBUG source.pooled.PooledDataSource  - PooledDataSource forcefully closed/removed all connections.
2021-04-08 18:30:24,895 155    [           main] DEBUG ansaction.jdbc.JdbcTransaction  - Opening JDBC Connection
2021-04-08 18:30:35,632 0      [           main] DEBUG ache.ibatis.logging.LogFactory  - Logging initialized using 'class org.apache.ibatis.logging.log4j.Log4jImpl' adapter.
2021-04-08 18:30:35,720 88     [           main] DEBUG source.pooled.PooledDataSource  - PooledDataSource forcefully closed/removed all connections.
2021-04-08 18:30:35,720 88     [           main] DEBUG source.pooled.PooledDataSource  - PooledDataSource forcefully closed/removed all connections.
2021-04-08 18:30:35,720 88     [           main] DEBUG source.pooled.PooledDataSource  - PooledDataSource forcefully closed/removed all connections.
2021-04-08 18:30:35,720 88     [           main] DEBUG source.pooled.PooledDataSource  - PooledDataSource forcefully closed/removed all connections.
2021-04-08 18:30:35,798 166    [           main] DEBUG ansaction.jdbc.JdbcTransaction  - Opening JDBC Connection
2021-04-08 18:30:36,376 744    [           main] DEBUG source.pooled.PooledDataSource  - Created connection 1545827753.
2021-04-08 18:30:36,376 744    [           main] DEBUG ansaction.jdbc.JdbcTransaction  - Setting autocommit to false on JDBC Connection [com.mysql.cj.jdbc.ConnectionImpl@5c2375a9]
2021-04-08 18:30:36,378 746    [           main] DEBUG m.xiaobao.dao.IUserDao.findAll  - ==>  Preparing: select * from user 
2021-04-08 18:30:36,463 831    [           main] DEBUG m.xiaobao.dao.IUserDao.findAll  - ==> Parameters: 
2021-04-08 18:30:36,536 904    [           main] DEBUG m.xiaobao.dao.IUserDao.findAll  - <==      Total: 10
2021-04-08 18:30:36,541 909    [           main] DEBUG ansaction.jdbc.JdbcTransaction  - Resetting autocommit to true on JDBC Connection [com.mysql.cj.jdbc.ConnectionImpl@5c2375a9]
2021-04-08 18:30:36,542 910    [           main] DEBUG ansaction.jdbc.JdbcTransaction  - Closing JDBC Connection [com.mysql.cj.jdbc.ConnectionImpl@5c2375a9]
2021-04-08 18:30:36,542 910    [           main] DEBUG source.pooled.PooledDataSource  - Returned connection 1545827753 to pool.
2021-04-08 18:34:30,792 0      [           main] DEBUG ache.ibatis.logging.LogFactory  - Logging initialized using 'class org.apache.ibatis.logging.log4j.Log4jImpl' adapter.
2021-04-08 18:34:30,887 95     [           main] DEBUG source.pooled.PooledDataSource  - PooledDataSource forcefully closed/removed all connections.
2021-04-08 18:34:30,887 95     [           main] DEBUG source.pooled.PooledDataSource  - PooledDataSource forcefully closed/removed all connections.
2021-04-08 18:34:30,887 95     [           main] DEBUG source.pooled.PooledDataSource  - PooledDataSource forcefully closed/removed all connections.
2021-04-08 18:34:30,887 95     [           main] DEBUG source.pooled.PooledDataSource  - PooledDataSource forcefully closed/removed all connections.
2021-04-08 18:34:30,956 164    [           main] DEBUG ansaction.jdbc.JdbcTransaction  - Opening JDBC Connection
2021-04-08 18:34:31,461 669    [           main] DEBUG source.pooled.PooledDataSource  - Created connection 1545827753.
2021-04-08 18:34:31,462 670    [           main] DEBUG ansaction.jdbc.JdbcTransaction  - Setting autocommit to false on JDBC Connection [com.mysql.cj.jdbc.ConnectionImpl@5c2375a9]
2021-04-08 18:34:31,464 672    [           main] DEBUG m.xiaobao.dao.IUserDao.findAll  - ==>  Preparing: select * from user 
2021-04-08 18:34:31,521 729    [           main] DEBUG m.xiaobao.dao.IUserDao.findAll  - ==> Parameters: 
2021-04-08 18:34:31,594 802    [           main] DEBUG m.xiaobao.dao.IUserDao.findAll  - <==      Total: 10
2021-04-08 18:34:31,599 807    [           main] DEBUG ansaction.jdbc.JdbcTransaction  - Resetting autocommit to true on JDBC Connection [com.mysql.cj.jdbc.ConnectionImpl@5c2375a9]
2021-04-08 18:34:31,599 807    [           main] DEBUG ansaction.jdbc.JdbcTransaction  - Closing JDBC Connection [com.mysql.cj.jdbc.ConnectionImpl@5c2375a9]
2021-04-08 18:34:31,599 807    [           main] DEBUG source.pooled.PooledDataSource  - Returned connection 1545827753 to pool.
2021-04-08 18:35:41,758 0      [           main] DEBUG ache.ibatis.logging.LogFactory  - Logging initialized using 'class org.apache.ibatis.logging.log4j.Log4jImpl' adapter.
2021-04-08 18:35:41,933 175    [           main] DEBUG source.pooled.PooledDataSource  - PooledDataSource forcefully closed/removed all connections.
2021-04-08 18:35:41,934 176    [           main] DEBUG source.pooled.PooledDataSource  - PooledDataSource forcefully closed/removed all connections.
2021-04-08 18:35:41,934 176    [           main] DEBUG source.pooled.PooledDataSource  - PooledDataSource forcefully closed/removed all connections.
2021-04-08 18:35:41,934 176    [           main] DEBUG source.pooled.PooledDataSource  - PooledDataSource forcefully closed/removed all connections.
2021-04-08 18:35:42,082 324    [           main] DEBUG ansaction.jdbc.JdbcTransaction  - Opening JDBC Connection
2021-04-08 18:35:42,880 1122   [           main] DEBUG source.pooled.PooledDataSource  - Created connection 1545827753.
2021-04-08 18:35:42,880 1122   [           main] DEBUG ansaction.jdbc.JdbcTransaction  - Setting autocommit to false on JDBC Connection [com.mysql.cj.jdbc.ConnectionImpl@5c2375a9]
2021-04-08 18:35:42,884 1126   [           main] DEBUG m.xiaobao.dao.IUserDao.findAll  - ==>  Preparing: select * from user 
2021-04-08 18:35:43,002 1244   [           main] DEBUG m.xiaobao.dao.IUserDao.findAll  - ==> Parameters: 
2021-04-08 18:35:43,084 1326   [           main] DEBUG m.xiaobao.dao.IUserDao.findAll  - <==      Total: 10
2021-04-08 18:35:43,089 1331   [           main] DEBUG ansaction.jdbc.JdbcTransaction  - Resetting autocommit to true on JDBC Connection [com.mysql.cj.jdbc.ConnectionImpl@5c2375a9]
2021-04-08 18:35:43,090 1332   [           main] DEBUG ansaction.jdbc.JdbcTransaction  - Closing JDBC Connection [com.mysql.cj.jdbc.ConnectionImpl@5c2375a9]
2021-04-08 18:35:43,091 1333   [           main] DEBUG source.pooled.PooledDataSource  - Returned connection 1545827753 to pool.
2021-04-08 18:36:11,801 0      [           main] DEBUG ache.ibatis.logging.LogFactory  - Logging initialized using 'class org.apache.ibatis.logging.log4j.Log4jImpl' adapter.
2021-04-08 18:36:11,919 118    [           main] DEBUG source.pooled.PooledDataSource  - PooledDataSource forcefully closed/removed all connections.
2021-04-08 18:36:11,919 118    [           main] DEBUG source.pooled.PooledDataSource  - PooledDataSource forcefully closed/removed all connections.
2021-04-08 18:36:11,920 119    [           main] DEBUG source.pooled.PooledDataSource  - PooledDataSource forcefully closed/removed all connections.
2021-04-08 18:36:11,920 119    [           main] DEBUG source.pooled.PooledDataSource  - PooledDataSource forcefully closed/removed all connections.
2021-04-08 18:36:11,999 198    [           main] DEBUG ansaction.jdbc.JdbcTransaction  - Opening JDBC Connection
2021-04-08 18:36:12,517 716    [           main] DEBUG source.pooled.PooledDataSource  - Created connection 1545827753.
2021-04-08 18:36:12,518 717    [           main] DEBUG ansaction.jdbc.JdbcTransaction  - Setting autocommit to false on JDBC Connection [com.mysql.cj.jdbc.ConnectionImpl@5c2375a9]
2021-04-08 18:36:12,521 720    [           main] DEBUG m.xiaobao.dao.IUserDao.findAll  - ==>  Preparing: select * from user 
2021-04-08 18:36:12,614 813    [           main] DEBUG m.xiaobao.dao.IUserDao.findAll  - ==> Parameters: 
2021-04-08 18:36:12,700 899    [           main] DEBUG m.xiaobao.dao.IUserDao.findAll  - <==      Total: 10
2021-04-08 18:36:12,705 904    [           main] DEBUG ansaction.jdbc.JdbcTransaction  - Resetting autocommit to true on JDBC Connection [com.mysql.cj.jdbc.ConnectionImpl@5c2375a9]
2021-04-08 18:36:12,705 904    [           main] DEBUG ansaction.jdbc.JdbcTransaction  - Closing JDBC Connection [com.mysql.cj.jdbc.ConnectionImpl@5c2375a9]
2021-04-08 18:36:12,706 905    [           main] DEBUG source.pooled.PooledDataSource  - Returned connection 1545827753 to pool.
2021-04-08 18:36:23,615 0      [           main] DEBUG ache.ibatis.logging.LogFactory  - Logging initialized using 'class org.apache.ibatis.logging.log4j.Log4jImpl' adapter.
2021-04-08 18:36:23,734 119    [           main] DEBUG source.pooled.PooledDataSource  - PooledDataSource forcefully closed/removed all connections.
2021-04-08 18:36:23,734 119    [           main] DEBUG source.pooled.PooledDataSource  - PooledDataSource forcefully closed/removed all connections.
2021-04-08 18:36:23,734 119    [           main] DEBUG source.pooled.PooledDataSource  - PooledDataSource forcefully closed/removed all connections.
2021-04-08 18:36:23,734 119    [           main] DEBUG source.pooled.PooledDataSource  - PooledDataSource forcefully closed/removed all connections.
2021-04-08 18:36:23,811 196    [           main] DEBUG ansaction.jdbc.JdbcTransaction  - Opening JDBC Connection
2021-04-08 18:36:24,323 708    [           main] DEBUG source.pooled.PooledDataSource  - Created connection 1545827753.
2021-04-08 18:36:24,323 708    [           main] DEBUG ansaction.jdbc.JdbcTransaction  - Setting autocommit to false on JDBC Connection [com.mysql.cj.jdbc.ConnectionImpl@5c2375a9]
2021-04-08 18:36:24,326 711    [           main] DEBUG m.xiaobao.dao.IUserDao.findAll  - ==>  Preparing: select * from user 
2021-04-08 18:36:24,414 799    [           main] DEBUG m.xiaobao.dao.IUserDao.findAll  - ==> Parameters: 
2021-04-08 18:36:24,491 876    [           main] DEBUG m.xiaobao.dao.IUserDao.findAll  - <==      Total: 10
2021-04-08 18:36:24,497 882    [           main] DEBUG ansaction.jdbc.JdbcTransaction  - Resetting autocommit to true on JDBC Connection [com.mysql.cj.jdbc.ConnectionImpl@5c2375a9]
2021-04-08 18:36:24,498 883    [           main] DEBUG ansaction.jdbc.JdbcTransaction  - Closing JDBC Connection [com.mysql.cj.jdbc.ConnectionImpl@5c2375a9]
2021-04-08 18:36:24,498 883    [           main] DEBUG source.pooled.PooledDataSource  - Returned connection 1545827753 to pool.
2021-04-09 15:11:16,925 0      [           main] DEBUG ache.ibatis.logging.LogFactory  - Logging initialized using 'class org.apache.ibatis.logging.log4j.Log4jImpl' adapter.
2021-04-09 15:11:17,044 119    [           main] DEBUG source.pooled.PooledDataSource  - PooledDataSource forcefully closed/removed all connections.
2021-04-09 15:11:17,044 119    [           main] DEBUG source.pooled.PooledDataSource  - PooledDataSource forcefully closed/removed all connections.
2021-04-09 15:11:17,044 119    [           main] DEBUG source.pooled.PooledDataSource  - PooledDataSource forcefully closed/removed all connections.
2021-04-09 15:11:17,044 119    [           main] DEBUG source.pooled.PooledDataSource  - PooledDataSource forcefully closed/removed all connections.
2021-04-09 15:11:56,928 0      [           main] DEBUG ache.ibatis.logging.LogFactory  - Logging initialized using 'class org.apache.ibatis.logging.log4j.Log4jImpl' adapter.
2021-04-09 15:11:57,033 105    [           main] DEBUG source.pooled.PooledDataSource  - PooledDataSource forcefully closed/removed all connections.
2021-04-09 15:11:57,033 105    [           main] DEBUG source.pooled.PooledDataSource  - PooledDataSource forcefully closed/removed all connections.
2021-04-09 15:11:57,033 105    [           main] DEBUG source.pooled.PooledDataSource  - PooledDataSource forcefully closed/removed all connections.
2021-04-09 15:11:57,033 105    [           main] DEBUG source.pooled.PooledDataSource  - PooledDataSource forcefully closed/removed all connections.
2021-04-09 15:11:57,112 184    [           main] DEBUG ansaction.jdbc.JdbcTransaction  - Opening JDBC Connection
2021-04-09 15:11:57,598 670    [           main] DEBUG source.pooled.PooledDataSource  - Created connection 1545827753.
2021-04-09 15:11:57,599 671    [           main] DEBUG ansaction.jdbc.JdbcTransaction  - Setting autocommit to false on JDBC Connection [com.mysql.cj.jdbc.ConnectionImpl@5c2375a9]
2021-04-09 15:11:57,602 674    [           main] DEBUG m.xiaobao.dao.IUserDao.findAll  - ==>  Preparing: select * from user 
2021-04-09 15:11:57,691 763    [           main] DEBUG m.xiaobao.dao.IUserDao.findAll  - ==> Parameters: 
2021-04-09 15:11:57,756 828    [           main] DEBUG m.xiaobao.dao.IUserDao.findAll  - <==      Total: 10
2021-04-09 15:11:57,761 833    [           main] DEBUG ansaction.jdbc.JdbcTransaction  - Resetting autocommit to true on JDBC Connection [com.mysql.cj.jdbc.ConnectionImpl@5c2375a9]
2021-04-09 15:11:57,762 834    [           main] DEBUG ansaction.jdbc.JdbcTransaction  - Closing JDBC Connection [com.mysql.cj.jdbc.ConnectionImpl@5c2375a9]
2021-04-09 15:11:57,762 834    [           main] DEBUG source.pooled.PooledDataSource  - Returned connection 1545827753 to pool.
2021-04-09 15:12:25,448 0      [           main] DEBUG ache.ibatis.logging.LogFactory  - Logging initialized using 'class org.apache.ibatis.logging.log4j.Log4jImpl' adapter.
2021-04-09 15:12:25,559 111    [           main] DEBUG source.pooled.PooledDataSource  - PooledDataSource forcefully closed/removed all connections.
2021-04-09 15:12:25,559 111    [           main] DEBUG source.pooled.PooledDataSource  - PooledDataSource forcefully closed/removed all connections.
2021-04-09 15:12:25,560 112    [           main] DEBUG source.pooled.PooledDataSource  - PooledDataSource forcefully closed/removed all connections.
2021-04-09 15:12:25,560 112    [           main] DEBUG source.pooled.PooledDataSource  - PooledDataSource forcefully closed/removed all connections.
2021-04-09 15:12:25,637 189    [           main] DEBUG ansaction.jdbc.JdbcTransaction  - Opening JDBC Connection
2021-04-09 15:12:26,117 669    [           main] DEBUG source.pooled.PooledDataSource  - Created connection 1545827753.
2021-04-09 15:12:26,117 669    [           main] DEBUG ansaction.jdbc.JdbcTransaction  - Setting autocommit to false on JDBC Connection [com.mysql.cj.jdbc.ConnectionImpl@5c2375a9]
2021-04-09 15:12:26,119 671    [           main] DEBUG m.xiaobao.dao.IUserDao.findAll  - ==>  Preparing: select * from user 
2021-04-09 15:12:26,205 757    [           main] DEBUG m.xiaobao.dao.IUserDao.findAll  - ==> Parameters: 
2021-04-09 15:12:26,271 823    [           main] DEBUG m.xiaobao.dao.IUserDao.findAll  - <==      Total: 10
2021-04-09 15:12:26,275 827    [           main] DEBUG ansaction.jdbc.JdbcTransaction  - Resetting autocommit to true on JDBC Connection [com.mysql.cj.jdbc.ConnectionImpl@5c2375a9]
2021-04-09 15:12:26,276 828    [           main] DEBUG ansaction.jdbc.JdbcTransaction  - Closing JDBC Connection [com.mysql.cj.jdbc.ConnectionImpl@5c2375a9]
2021-04-09 15:12:26,277 829    [           main] DEBUG source.pooled.PooledDataSource  - Returned connection 1545827753 to pool.
2021-04-09 15:12:45,548 0      [           main] DEBUG ache.ibatis.logging.LogFactory  - Logging initialized using 'class org.apache.ibatis.logging.log4j.Log4jImpl' adapter.
2021-04-09 15:12:45,665 117    [           main] DEBUG source.pooled.PooledDataSource  - PooledDataSource forcefully closed/removed all connections.
2021-04-09 15:12:45,666 118    [           main] DEBUG source.pooled.PooledDataSource  - PooledDataSource forcefully closed/removed all connections.
2021-04-09 15:12:45,666 118    [           main] DEBUG source.pooled.PooledDataSource  - PooledDataSource forcefully closed/removed all connections.
2021-04-09 15:12:45,666 118    [           main] DEBUG source.pooled.PooledDataSource  - PooledDataSource forcefully closed/removed all connections.
2021-04-09 15:13:12,452 0      [           main] DEBUG ache.ibatis.logging.LogFactory  - Logging initialized using 'class org.apache.ibatis.logging.log4j.Log4jImpl' adapter.
2021-04-09 15:13:12,546 94     [           main] DEBUG source.pooled.PooledDataSource  - PooledDataSource forcefully closed/removed all connections.
2021-04-09 15:13:12,546 94     [           main] DEBUG source.pooled.PooledDataSource  - PooledDataSource forcefully closed/removed all connections.
2021-04-09 15:13:12,547 95     [           main] DEBUG source.pooled.PooledDataSource  - PooledDataSource forcefully closed/removed all connections.
2021-04-09 15:13:12,547 95     [           main] DEBUG source.pooled.PooledDataSource  - PooledDataSource forcefully closed/removed all connections.
2021-04-09 15:13:12,621 169    [           main] DEBUG ansaction.jdbc.JdbcTransaction  - Opening JDBC Connection
2021-04-09 15:13:13,160 708    [           main] DEBUG source.pooled.PooledDataSource  - Created connection 1545827753.
2021-04-09 15:13:13,160 708    [           main] DEBUG ansaction.jdbc.JdbcTransaction  - Setting autocommit to false on JDBC Connection [com.mysql.cj.jdbc.ConnectionImpl@5c2375a9]
2021-04-09 15:13:13,163 711    [           main] DEBUG m.xiaobao.dao.IUserDao.findAll  - ==>  Preparing: select * from user 
2021-04-09 15:13:13,244 792    [           main] DEBUG m.xiaobao.dao.IUserDao.findAll  - ==> Parameters: 
2021-04-09 15:13:13,317 865    [           main] DEBUG m.xiaobao.dao.IUserDao.findAll  - <==      Total: 10
2021-04-09 15:13:13,322 870    [           main] DEBUG ansaction.jdbc.JdbcTransaction  - Resetting autocommit to true on JDBC Connection [com.mysql.cj.jdbc.ConnectionImpl@5c2375a9]
2021-04-09 15:13:13,323 871    [           main] DEBUG ansaction.jdbc.JdbcTransaction  - Closing JDBC Connection [com.mysql.cj.jdbc.ConnectionImpl@5c2375a9]
2021-04-09 15:13:13,324 872    [           main] DEBUG source.pooled.PooledDataSource  - Returned connection 1545827753 to pool.
